Unity Editor version:    2021.2.7f1 (6bd9e232123f)
Branch:                  2021.2/staging
Build type:              Release
Batch mode:              YES
macOS version:           Version 12.2 (Build 21D5025f)
Darwin version:          21.3.0
Architecture:            x86_64
Running under Rosetta:   NO
Available memory:        32768 MB
Using pre-set license
Pro License: NO

COMMAND LINE ARGUMENTS:
/Applications/Unity/Hub/Editor/2021.2.7f1/Unity.app/Contents/MacOS/Unity
-adb2
-batchMode
-noUpm
-name
AssetImportWorker2
-projectPath
/Users/chriswilliams/UnityRepo/TheWorld
-logFile
Logs/AssetImportWorker2.log
-srvPort
54051
Successfully changed project path to: /Users/chriswilliams/UnityRepo/TheWorld
/Users/chriswilliams/UnityRepo/TheWorld
[UnityMemory] Configuration Parameters - Can be set up in boot.config
    "memorysetup-bucket-allocator-granularity=16"
    "memorysetup-bucket-allocator-bucket-count=8"
    "memorysetup-bucket-allocator-block-size=33554432"
    "memorysetup-bucket-allocator-block-count=8"
    "memorysetup-main-allocator-block-size=16777216"
    "memorysetup-thread-allocator-block-size=16777216"
    "memorysetup-gfx-main-allocator-block-size=16777216"
    "memorysetup-gfx-thread-allocator-block-size=16777216"
    "memorysetup-cache-allocator-block-size=4194304"
    "memorysetup-typetree-allocator-block-size=2097152"
    "memorysetup-profiler-bucket-allocator-granularity=16"
    "memorysetup-profiler-bucket-allocator-bucket-count=8"
    "memorysetup-profiler-bucket-allocator-block-size=33554432"
    "memorysetup-profiler-bucket-allocator-block-count=8"
    "memorysetup-profiler-allocator-block-size=16777216"
    "memorysetup-profiler-editor-allocator-block-size=1048576"
    "memorysetup-temp-allocator-size-main=16777216"
    "memorysetup-job-temp-allocator-block-size=2097152"
    "memorysetup-job-temp-allocator-block-size-background=1048576"
    "memorysetup-job-temp-allocator-reduction-small-platforms=262144"
    "memorysetup-temp-allocator-size-background-worker=32768"
    "memorysetup-temp-allocator-size-job-worker=262144"
    "memorysetup-temp-allocator-size-preload-manager=33554432"
    "memorysetup-temp-allocator-size-nav-mesh-worker=65536"
    "memorysetup-temp-allocator-size-audio-worker=65536"
    "memorysetup-temp-allocator-size-cloud-worker=32768"
    "memorysetup-temp-allocator-size-gi-baking-worker=262144"
    "memorysetup-temp-allocator-size-gfx=262144"
Refreshing native plugins compatible for Editor in 68.22 ms, found 3 plugins.
Preloading 0 native plugins for Editor in 0.00 ms.
Initialize engine version: 2021.2.7f1 (6bd9e232123f)
[Subsystems] Discovering subsystems at path /Applications/Unity/Hub/Editor/2021.2.7f1/Unity.app/Contents/Resources/UnitySubsystems
[Subsystems] Discovering subsystems at path /Users/chriswilliams/UnityRepo/TheWorld/Assets
GfxDevice: creating device client; threaded=0; jobified=0
Color LCD preferred device: AMD Radeon Pro 5300M (high power)
Metal devices available: 2
0: AMD Radeon Pro 5300M (high power)
1: Intel(R) UHD Graphics 630 (low power)
Using device AMD Radeon Pro 5300M (high power)
Initializing Metal device caps: AMD Radeon Pro 5300M
Initialize mono
Mono path[0] = '/Applications/Unity/Hub/Editor/2021.2.7f1/Unity.app/Contents/Managed'
Mono path[1] = '/Applications/Unity/Hub/Editor/2021.2.7f1/Unity.app/Contents/MonoBleedingEdge/lib/mono/unityjit-macos'
Mono config path = '/Applications/Unity/Hub/Editor/2021.2.7f1/Unity.app/Contents/MonoBleedingEdge/etc'
Using monoOptions --debugger-agent=transport=dt_socket,embedding=1,server=y,suspend=n,address=127.0.0.1:56490
Begin MonoManager ReloadAssembly
Registering precompiled unity dll's ...
Register platform support module: /Applications/Unity/Hub/Editor/2021.2.7f1/PlaybackEngines/WebGLSupport/UnityEditor.WebGL.Extensions.dll
Register platform support module: /Applications/Unity/Hub/Editor/2021.2.7f1/Unity.app/Contents/PlaybackEngines/MacStandaloneSupport/UnityEditor.OSXStandalone.Extensions.dll
Register platform support module: /Applications/Unity/Hub/Editor/2021.2.7f1/PlaybackEngines/WindowsStandaloneSupport/UnityEditor.WindowsStandalone.Extensions.dll
Registered in 0.001616 seconds.
Native extension for WindowsStandalone target not found
Native extension for OSXStandalone target not found
Native extension for WebGL target not found
Refreshing native plugins compatible for Editor in 66.02 ms, found 3 plugins.
Preloading 0 native plugins for Editor in 0.00 ms.
Mono: successfully reloaded assembly
- Completed reload, in  0.667 seconds
Domain Reload Profiling:
	ReloadAssembly (667ms)
		BeginReloadAssembly (63ms)
			ExecutionOrderSort (0ms)
			DisableScriptedObjects (0ms)
			BackupInstance (0ms)
			ReleaseScriptingObjects (0ms)
			CreateAndSetChildDomain (1ms)
		EndReloadAssembly (516ms)
			LoadAssemblies (62ms)
			RebuildTransferFunctionScriptingTraits (0ms)
			SetupTypeCache (125ms)
			ReleaseScriptCaches (0ms)
			RebuildScriptCaches (36ms)
			SetupLoadedEditorAssemblies (299ms)
				LogAssemblyErrors (0ms)
				InitializePlatformSupportModulesInManaged (15ms)
				SetLoadedEditorAssemblies (0ms)
				RefreshPlugins (66ms)
				BeforeProcessingInitializeOnLoad (1ms)
				ProcessInitializeOnLoadAttributes (166ms)
				ProcessInitializeOnLoadMethodAttributes (50ms)
				AfterProcessingInitializeOnLoad (0ms)
				EditorAssembliesLoaded (0ms)
			ExecutionOrderSort2 (0ms)
			AwakeInstancesAfterBackupRestoration (0ms)
Platform modules already initialized, skipping
Registering precompiled user dll's ...
Registered in 0.003857 seconds.
Begin MonoManager ReloadAssembly
Native extension for WindowsStandalone target not found
Native extension for OSXStandalone target not found
Native extension for WebGL target not found
Refreshing native plugins compatible for Editor in 65.57 ms, found 3 plugins.
Preloading 0 native plugins for Editor in 0.00 ms.
Mono: successfully reloaded assembly
- Completed reload, in  2.463 seconds
Domain Reload Profiling:
	ReloadAssembly (2464ms)
		BeginReloadAssembly (110ms)
			ExecutionOrderSort (0ms)
			DisableScriptedObjects (7ms)
			BackupInstance (0ms)
			ReleaseScriptingObjects (0ms)
			CreateAndSetChildDomain (24ms)
		EndReloadAssembly (2239ms)
			LoadAssemblies (70ms)
			RebuildTransferFunctionScriptingTraits (0ms)
			SetupTypeCache (311ms)
			ReleaseScriptCaches (1ms)
			RebuildScriptCaches (99ms)
			SetupLoadedEditorAssemblies (1681ms)
				LogAssemblyErrors (0ms)
				InitializePlatformSupportModulesInManaged (10ms)
				SetLoadedEditorAssemblies (0ms)
				RefreshPlugins (66ms)
				BeforeProcessingInitializeOnLoad (68ms)
				ProcessInitializeOnLoadAttributes (1423ms)
				ProcessInitializeOnLoadMethodAttributes (111ms)
				AfterProcessingInitializeOnLoad (2ms)
				EditorAssembliesLoaded (0ms)
			ExecutionOrderSort2 (0ms)
			AwakeInstancesAfterBackupRestoration (5ms)
Platform modules already initialized, skipping
========================================================================
Worker process is ready to serve import requests
Launching external process: /Applications/Unity/Hub/Editor/2021.2.7f1/Unity.app/Contents/Tools/UnityShaderCompiler
Launched and connected shader compiler UnityShaderCompiler after 0.07 seconds
Refreshing native plugins compatible for Editor in 0.77 ms, found 3 plugins.
Preloading 0 native plugins for Editor in 0.00 ms.
Unloading 3380 Unused Serialized files (Serialized files now loaded: 0)
Unloading 46 unused Assets / (43.8 KB). Loaded Objects now: 3896.
Memory consumption went from 269.1 MB to 269.0 MB.
Total: 30.451396 ms (FindLiveObjects: 0.286935 ms CreateObjectMapping: 0.197882 ms MarkObjects: 29.873962 ms  DeleteObjects: 0.091367 ms)

AssetImportParameters requested are different than current active one (requested -> active):
  custom:video-decoder-ogg-theora: a1e56fd34408186e4bbccfd4996cb3dc -> 
  custom:container-muxer-webm: aa71ff27fc2769a1b78a27578f13a17b -> 
  custom:container-demuxer-webm: 4f35f7cbe854078d1ac9338744f61a02 -> 
  custom:video-encoder-webm-vp8: eb34c28f22e8b96e1ab97ce403110664 -> 
  custom:framework-osx-AVFoundation: e770b220cccbd017edd2c1fefb359320 -> 
  custom:audio-encoder-webm-vorbis: bf7c407c2cedff20999df2af8eb42d56 -> 
  custom:container-demuxer-ogg: 62fdf1f143b41e24485cea50d1cbac27 -> 
  custom:video-decoder-webm-vp8: 9c59270c3fd7afecdb556c50c9e8de78 -> 
  custom:audio-decoder-ogg-vorbis: bf7c407c2cedff20999df2af8eb42d56 -> 
========================================================================
Received Import Request.
  Time since last request: 41229.882201 seconds.
  path: Assets/Plugins/Pixel Crushers/Dialogue System/Prefabs/Dialogue Manager.prefab
  artifactKey: Guid(58ac37417e60e534f91138088a3e6f70) Importer(815301076,1909f56bfc062723c751e8b465ee728b)
Start importing Assets/Plugins/Pixel Crushers/Dialogue System/Prefabs/Dialogue Manager.prefab using Guid(58ac37417e60e534f91138088a3e6f70) Importer(815301076,1909f56bfc062723c751e8b465ee728b)  -> (artifact id: 'f3933e48bbccdee0e61a75c118594399') in 0.194433 seconds 
========================================================================
Received Import Request.
  Time since last request: 0.000101 seconds.
  path: Assets/Plugins/Pixel Crushers/Dialogue System/Prefabs/Art/Textures/Sci-fi/Dialog_stripes_selected.png
  artifactKey: Guid(4cd6a9f94ecaca54e857c8da5a42cf6c) Importer(815301076,1909f56bfc062723c751e8b465ee728b)
Start importing Assets/Plugins/Pixel Crushers/Dialogue System/Prefabs/Art/Textures/Sci-fi/Dialog_stripes_selected.png using Guid(4cd6a9f94ecaca54e857c8da5a42cf6c) Importer(815301076,1909f56bfc062723c751e8b465ee728b)  -> (artifact id: 'd7b5c0298a61c27d408afa181535ab51') in 0.258779 seconds 
========================================================================
Received Import Request.
  Time since last request: 0.000103 seconds.
  path: Assets/Plugins/Pixel Crushers/Dialogue System/Demo/Prefabs/Dialogue Manager.prefab
  artifactKey: Guid(d4353500a4689e444a5a0ed100a259e5) Importer(815301076,1909f56bfc062723c751e8b465ee728b)
Start importing Assets/Plugins/Pixel Crushers/Dialogue System/Demo/Prefabs/Dialogue Manager.prefab using Guid(d4353500a4689e444a5a0ed100a259e5) Importer(815301076,1909f56bfc062723c751e8b465ee728b)  -> (artifact id: '33091e681b73a52d7056c5822c8bf8bd') in 0.054029 seconds 
========================================================================
Received Import Request.
  Time since last request: 18.104364 seconds.
  path: Assets/Plugins/Pixel Crushers/Dialogue System/Prefabs/Dialogue Manager.prefab
  artifactKey: Guid(58ac37417e60e534f91138088a3e6f70) Importer(815301076,1909f56bfc062723c751e8b465ee728b)
Start importing Assets/Plugins/Pixel Crushers/Dialogue System/Prefabs/Dialogue Manager.prefab using Guid(58ac37417e60e534f91138088a3e6f70) Importer(815301076,1909f56bfc062723c751e8b465ee728b)  -> (artifact id: '40795809b6dfcf8902fe5b1f63fa307f') in 0.019360 seconds 
========================================================================
Received Import Request.
  Time since last request: 55.354372 seconds.
  path: Assets/Plugins/Pixel Crushers/Dialogue System/Prefabs/Standard UI Prefabs/Templates/Basic/Basic Standard Bark UI.prefab
  artifactKey: Guid(21b4828b943afef4896267f31f98ee1a) Importer(815301076,1909f56bfc062723c751e8b465ee728b)
Start importing Assets/Plugins/Pixel Crushers/Dialogue System/Prefabs/Standard UI Prefabs/Templates/Basic/Basic Standard Bark UI.prefab using Guid(21b4828b943afef4896267f31f98ee1a) Importer(815301076,1909f56bfc062723c751e8b465ee728b)  -> (artifact id: '2039c56d3a35f7c03da1255ef9e90808') in 0.006763 seconds 
========================================================================
Received Import Request.
  Time since last request: 0.000110 seconds.
  path: Assets/Plugins/Pixel Crushers/Dialogue System/Prefabs/Standard UI Prefabs/Templates/Basic/Basic Standard UI Quest Log Window.prefab
  artifactKey: Guid(f40d1072f56eeb04f9c104b7c4a8811f) Importer(815301076,1909f56bfc062723c751e8b465ee728b)
Start importing Assets/Plugins/Pixel Crushers/Dialogue System/Prefabs/Standard UI Prefabs/Templates/Basic/Basic Standard UI Quest Log Window.prefab using Guid(f40d1072f56eeb04f9c104b7c4a8811f) Importer(815301076,1909f56bfc062723c751e8b465ee728b)  -> (artifact id: '235b9ae30c074156da314d55c165acb2') in 0.010035 seconds 
========================================================================
Received Import Request.
  Time since last request: 0.000138 seconds.
  path: Assets/Plugins/Pixel Crushers/Dialogue System/Prefabs/Standard UI Prefabs/Templates/Basic/Basic Standard UI Selector Elements.prefab
  artifactKey: Guid(a5c98dfcec76e1847a0aa8d7c8a93459) Importer(815301076,1909f56bfc062723c751e8b465ee728b)
Start importing Assets/Plugins/Pixel Crushers/Dialogue System/Prefabs/Standard UI Prefabs/Templates/Basic/Basic Standard UI Selector Elements.prefab using Guid(a5c98dfcec76e1847a0aa8d7c8a93459) Importer(815301076,1909f56bfc062723c751e8b465ee728b)  -> (artifact id: 'cea3d7e64580946776b052e9fac2ec59') in 0.005503 seconds 
========================================================================
Received Import Request.
  Time since last request: 69.173496 seconds.
  path: Assets/Plugins/Pixel Crushers/Dialogue System/Prefabs/Standard UI Prefabs/Templates/Basic/Basic Standard UI Selector Elements.prefab
  artifactKey: Guid(a5c98dfcec76e1847a0aa8d7c8a93459) Importer(815301076,1909f56bfc062723c751e8b465ee728b)
Start importing Assets/Plugins/Pixel Crushers/Dialogue System/Prefabs/Standard UI Prefabs/Templates/Basic/Basic Standard UI Selector Elements.prefab using Guid(a5c98dfcec76e1847a0aa8d7c8a93459) Importer(815301076,1909f56bfc062723c751e8b465ee728b)  -> (artifact id: '265035af3cdd3d00a1a53ef39070a522') in 0.004791 seconds 
========================================================================
Received Import Request.
  Time since last request: 20.387383 seconds.
  path: Assets/Plugins/Pixel Crushers/Dialogue System/Prefabs/Standard UI Prefabs/Templates/Basic/Basic Standard UI Selector Elements.prefab
  artifactKey: Guid(a5c98dfcec76e1847a0aa8d7c8a93459) Importer(815301076,1909f56bfc062723c751e8b465ee728b)
Start importing Assets/Plugins/Pixel Crushers/Dialogue System/Prefabs/Standard UI Prefabs/Templates/Basic/Basic Standard UI Selector Elements.prefab using Guid(a5c98dfcec76e1847a0aa8d7c8a93459) Importer(815301076,1909f56bfc062723c751e8b465ee728b)  -> (artifact id: 'a020ade0c28f951e268f0157b1cc57f6') in 0.004988 seconds 
========================================================================
Received Import Request.
  Time since last request: 6.224695 seconds.
  path: Assets/Plugins/Pixel Crushers/Dialogue System/Prefabs/Standard UI Prefabs/Templates/Basic/Basic Standard UI Selector Elements.prefab
  artifactKey: Guid(a5c98dfcec76e1847a0aa8d7c8a93459) Importer(815301076,1909f56bfc062723c751e8b465ee728b)
Start importing Assets/Plugins/Pixel Crushers/Dialogue System/Prefabs/Standard UI Prefabs/Templates/Basic/Basic Standard UI Selector Elements.prefab using Guid(a5c98dfcec76e1847a0aa8d7c8a93459) Importer(815301076,1909f56bfc062723c751e8b465ee728b)  -> (artifact id: '84afdc669d218f032acf314f6d15062c') in 0.041282 seconds 
========================================================================
Received Import Request.
  Time since last request: 5.499102 seconds.
  path: Assets/Plugins/Pixel Crushers/Dialogue System/Prefabs/Standard UI Prefabs/Templates/Basic/Basic Standard UI Selector Elements.prefab
  artifactKey: Guid(a5c98dfcec76e1847a0aa8d7c8a93459) Importer(815301076,1909f56bfc062723c751e8b465ee728b)
Start importing Assets/Plugins/Pixel Crushers/Dialogue System/Prefabs/Standard UI Prefabs/Templates/Basic/Basic Standard UI Selector Elements.prefab using Guid(a5c98dfcec76e1847a0aa8d7c8a93459) Importer(815301076,1909f56bfc062723c751e8b465ee728b)  -> (artifact id: '1cf61b6ddc269c71c5fc9b91c17a869a') in 0.020028 seconds 
========================================================================
Received Import Request.
  Time since last request: 6.180593 seconds.
  path: Assets/Plugins/Pixel Crushers/Dialogue System/Prefabs/Standard UI Prefabs/Templates/Basic/Basic Standard UI Selector Elements.prefab
  artifactKey: Guid(a5c98dfcec76e1847a0aa8d7c8a93459) Importer(815301076,1909f56bfc062723c751e8b465ee728b)
Start importing Assets/Plugins/Pixel Crushers/Dialogue System/Prefabs/Standard UI Prefabs/Templates/Basic/Basic Standard UI Selector Elements.prefab using Guid(a5c98dfcec76e1847a0aa8d7c8a93459) Importer(815301076,1909f56bfc062723c751e8b465ee728b)  -> (artifact id: '9acbcb126bae57bdf8edf3bfe971064b') in 0.019263 seconds 
========================================================================
Received Import Request.
  Time since last request: 25.160579 seconds.
  path: Assets/Plugins/Pixel Crushers/Dialogue System/Prefabs/Standard UI Prefabs/Templates/Basic/Basic Standard UI Selector Elements.prefab
  artifactKey: Guid(a5c98dfcec76e1847a0aa8d7c8a93459) Importer(815301076,1909f56bfc062723c751e8b465ee728b)
Start importing Assets/Plugins/Pixel Crushers/Dialogue System/Prefabs/Standard UI Prefabs/Templates/Basic/Basic Standard UI Selector Elements.prefab using Guid(a5c98dfcec76e1847a0aa8d7c8a93459) Importer(815301076,1909f56bfc062723c751e8b465ee728b)  -> (artifact id: '73625cb150347ad21a3b4c087be2d5f1') in 0.019671 seconds 
========================================================================
Received Import Request.
  Time since last request: 4.178673 seconds.
  path: Assets/Plugins/Pixel Crushers/Dialogue System/Prefabs/Standard UI Prefabs/Templates/Basic/Basic Standard UI Selector Elements.prefab
  artifactKey: Guid(a5c98dfcec76e1847a0aa8d7c8a93459) Importer(815301076,1909f56bfc062723c751e8b465ee728b)
Start importing Assets/Plugins/Pixel Crushers/Dialogue System/Prefabs/Standard UI Prefabs/Templates/Basic/Basic Standard UI Selector Elements.prefab using Guid(a5c98dfcec76e1847a0aa8d7c8a93459) Importer(815301076,1909f56bfc062723c751e8b465ee728b)  -> (artifact id: 'fc6c72dfbb7d1c08949f6e3ca5671ba0') in 0.019929 seconds 
========================================================================
Received Import Request.
  Time since last request: 2.945591 seconds.
  path: Assets/Plugins/Pixel Crushers/Dialogue System/Prefabs/Standard UI Prefabs/Templates/Basic/Basic Standard UI Selector Elements.prefab
  artifactKey: Guid(a5c98dfcec76e1847a0aa8d7c8a93459) Importer(815301076,1909f56bfc062723c751e8b465ee728b)
Start importing Assets/Plugins/Pixel Crushers/Dialogue System/Prefabs/Standard UI Prefabs/Templates/Basic/Basic Standard UI Selector Elements.prefab using Guid(a5c98dfcec76e1847a0aa8d7c8a93459) Importer(815301076,1909f56bfc062723c751e8b465ee728b)  -> (artifact id: '904e12b08d6b46037f9e0d394a762abb') in 0.019811 seconds 
========================================================================
Received Import Request.
  Time since last request: 8.952573 seconds.
  path: Assets/Plugins/Pixel Crushers/Dialogue System/Prefabs/Standard UI Prefabs/Templates/Basic/Basic Standard UI Selector Elements.prefab
  artifactKey: Guid(a5c98dfcec76e1847a0aa8d7c8a93459) Importer(815301076,1909f56bfc062723c751e8b465ee728b)
Start importing Assets/Plugins/Pixel Crushers/Dialogue System/Prefabs/Standard UI Prefabs/Templates/Basic/Basic Standard UI Selector Elements.prefab using Guid(a5c98dfcec76e1847a0aa8d7c8a93459) Importer(815301076,1909f56bfc062723c751e8b465ee728b)  -> (artifact id: 'ed90ea8d2cb065c7b71d72147ebd3270') in 0.019735 seconds 
========================================================================
Received Import Request.
  Time since last request: 13.122841 seconds.
  path: Assets/Plugins/Pixel Crushers/Dialogue System/Prefabs/Standard UI Prefabs/Templates/Basic/Basic Standard UI Selector Elements.prefab
  artifactKey: Guid(a5c98dfcec76e1847a0aa8d7c8a93459) Importer(815301076,1909f56bfc062723c751e8b465ee728b)
Start importing Assets/Plugins/Pixel Crushers/Dialogue System/Prefabs/Standard UI Prefabs/Templates/Basic/Basic Standard UI Selector Elements.prefab using Guid(a5c98dfcec76e1847a0aa8d7c8a93459) Importer(815301076,1909f56bfc062723c751e8b465ee728b)  -> (artifact id: '5ac761f2185c0983b5f74fbc92db6a76') in 0.019070 seconds 
========================================================================
Received Import Request.
  Time since last request: 2.659280 seconds.
  path: Assets/Plugins/Pixel Crushers/Dialogue System/Prefabs/Standard UI Prefabs/Templates/Basic/Basic Standard UI Selector Elements.prefab
  artifactKey: Guid(a5c98dfcec76e1847a0aa8d7c8a93459) Importer(815301076,1909f56bfc062723c751e8b465ee728b)
Start importing Assets/Plugins/Pixel Crushers/Dialogue System/Prefabs/Standard UI Prefabs/Templates/Basic/Basic Standard UI Selector Elements.prefab using Guid(a5c98dfcec76e1847a0aa8d7c8a93459) Importer(815301076,1909f56bfc062723c751e8b465ee728b)  -> (artifact id: '25056dbb93cdfdb124eaf3c064d19ca8') in 0.019129 seconds 
========================================================================
Received Import Request.
  Time since last request: 3.251947 seconds.
  path: Assets/Plugins/Pixel Crushers/Dialogue System/Prefabs/Standard UI Prefabs/Templates/Basic/Basic Standard UI Selector Elements.prefab
  artifactKey: Guid(a5c98dfcec76e1847a0aa8d7c8a93459) Importer(815301076,1909f56bfc062723c751e8b465ee728b)
Start importing Assets/Plugins/Pixel Crushers/Dialogue System/Prefabs/Standard UI Prefabs/Templates/Basic/Basic Standard UI Selector Elements.prefab using Guid(a5c98dfcec76e1847a0aa8d7c8a93459) Importer(815301076,1909f56bfc062723c751e8b465ee728b)  -> (artifact id: '37eb744c3a460b0257fc2ca6ec26dba5') in 0.019603 seconds 
========================================================================
Received Import Request.
  Time since last request: 2.542893 seconds.
  path: Assets/Plugins/Pixel Crushers/Dialogue System/Prefabs/Standard UI Prefabs/Templates/Basic/Basic Standard UI Selector Elements.prefab
  artifactKey: Guid(a5c98dfcec76e1847a0aa8d7c8a93459) Importer(815301076,1909f56bfc062723c751e8b465ee728b)
Start importing Assets/Plugins/Pixel Crushers/Dialogue System/Prefabs/Standard UI Prefabs/Templates/Basic/Basic Standard UI Selector Elements.prefab using Guid(a5c98dfcec76e1847a0aa8d7c8a93459) Importer(815301076,1909f56bfc062723c751e8b465ee728b)  -> (artifact id: '20c478df466741765900a4049a4037cc') in 0.019242 seconds 
========================================================================
Received Import Request.
  Time since last request: 3.218392 seconds.
  path: Assets/Plugins/Pixel Crushers/Dialogue System/Prefabs/Standard UI Prefabs/Templates/Basic/Basic Standard UI Selector Elements.prefab
  artifactKey: Guid(a5c98dfcec76e1847a0aa8d7c8a93459) Importer(815301076,1909f56bfc062723c751e8b465ee728b)
Start importing Assets/Plugins/Pixel Crushers/Dialogue System/Prefabs/Standard UI Prefabs/Templates/Basic/Basic Standard UI Selector Elements.prefab using Guid(a5c98dfcec76e1847a0aa8d7c8a93459) Importer(815301076,1909f56bfc062723c751e8b465ee728b)  -> (artifact id: '77cc87b2b46bf7baa06fb3241f457ee0') in 0.019455 seconds 
========================================================================
Received Import Request.
  Time since last request: 4.459184 seconds.
  path: Assets/Plugins/Pixel Crushers/Dialogue System/Prefabs/Standard UI Prefabs/Templates/Basic/Basic Standard UI Selector Elements.prefab
  artifactKey: Guid(a5c98dfcec76e1847a0aa8d7c8a93459) Importer(815301076,1909f56bfc062723c751e8b465ee728b)
Start importing Assets/Plugins/Pixel Crushers/Dialogue System/Prefabs/Standard UI Prefabs/Templates/Basic/Basic Standard UI Selector Elements.prefab using Guid(a5c98dfcec76e1847a0aa8d7c8a93459) Importer(815301076,1909f56bfc062723c751e8b465ee728b)  -> (artifact id: '6fe95129531be6eaf2351c8090aa0637') in 0.019679 seconds 
========================================================================
Received Import Request.
  Time since last request: 26.490755 seconds.
  path: Assets/Plugins/Pixel Crushers/Dialogue System/Prefabs/Standard UI Prefabs/Templates/Basic/Basic Standard UI Selector Elements.prefab
  artifactKey: Guid(a5c98dfcec76e1847a0aa8d7c8a93459) Importer(815301076,1909f56bfc062723c751e8b465ee728b)
Start importing Assets/Plugins/Pixel Crushers/Dialogue System/Prefabs/Standard UI Prefabs/Templates/Basic/Basic Standard UI Selector Elements.prefab using Guid(a5c98dfcec76e1847a0aa8d7c8a93459) Importer(815301076,1909f56bfc062723c751e8b465ee728b)  -> (artifact id: '2c14eb37c2493a319369970a8084f4af') in 0.018963 seconds 
========================================================================
Received Import Request.
  Time since last request: 23.470256 seconds.
  path: Assets/Resources/Sprites/_Shapes&Icons/Star_SixFill.png
  artifactKey: Guid(480a2e8083cb3497192fd19f49d83300) Importer(815301076,1909f56bfc062723c751e8b465ee728b)
Start importing Assets/Resources/Sprites/_Shapes&Icons/Star_SixFill.png using Guid(480a2e8083cb3497192fd19f49d83300) Importer(815301076,1909f56bfc062723c751e8b465ee728b)  -> (artifact id: '1e86015d6a1ab2b5b7a52eb8d87f0fa7') in 0.015799 seconds 
========================================================================
Received Import Request.
  Time since last request: 0.000102 seconds.
  path: Assets/Plugins/Pixel Crushers/Dialogue System/Prefabs/Art/Textures/Wheel/Window.png
  artifactKey: Guid(d6e9ff215226845468a86021fa3f7901) Importer(815301076,1909f56bfc062723c751e8b465ee728b)
Start importing Assets/Plugins/Pixel Crushers/Dialogue System/Prefabs/Art/Textures/Wheel/Window.png using Guid(d6e9ff215226845468a86021fa3f7901) Importer(815301076,1909f56bfc062723c751e8b465ee728b)  -> (artifact id: 'fa4ae6cccad174e9cfa7e4dc1be81c6a') in 0.013284 seconds 
========================================================================
Received Import Request.
  Time since last request: 0.000088 seconds.
  path: Assets/Resources/Sprites/_Shapes&Icons/UImouse_right.png
  artifactKey: Guid(424e304e13d704f659f2a6e148bb4eee) Importer(815301076,1909f56bfc062723c751e8b465ee728b)
Start importing Assets/Resources/Sprites/_Shapes&Icons/UImouse_right.png using Guid(424e304e13d704f659f2a6e148bb4eee) Importer(815301076,1909f56bfc062723c751e8b465ee728b)  -> (artifact id: 'dedeb691558a090f9e5a56a8cd403ff4') in 0.034071 seconds 
========================================================================
Received Import Request.
  Time since last request: 0.000065 seconds.
  path: Assets/Resources/Sprites/_Shapes&Icons/UImouse_base.png
  artifactKey: Guid(f2945daf373da4c689b9e761d200f8a3) Importer(815301076,1909f56bfc062723c751e8b465ee728b)
Start importing Assets/Resources/Sprites/_Shapes&Icons/UImouse_base.png using Guid(f2945daf373da4c689b9e761d200f8a3) Importer(815301076,1909f56bfc062723c751e8b465ee728b)  -> (artifact id: 'bbb0228d13b024c3b3a947cb4c94eced') in 0.029219 seconds 
========================================================================
Received Import Request.
  Time since last request: 0.000072 seconds.
  path: Assets/Resources/Sprites/_Shapes&Icons/UI_build_OK.png
  artifactKey: Guid(81875a70bc93d47ce81aa430e809bca4) Importer(815301076,1909f56bfc062723c751e8b465ee728b)
Start importing Assets/Resources/Sprites/_Shapes&Icons/UI_build_OK.png using Guid(81875a70bc93d47ce81aa430e809bca4) Importer(815301076,1909f56bfc062723c751e8b465ee728b)  -> (artifact id: '0de9aad20f9395db021d1c9b008b497b') in 0.027844 seconds 
========================================================================
Received Import Request.
  Time since last request: 0.000170 seconds.
  path: Assets/Plugins/Pixel Crushers/Dialogue System/Prefabs/Art/Textures/UnityUI/Unity - Window.psd
  artifactKey: Guid(56f0487aa75c16442b6a6997355c3bda) Importer(815301076,1909f56bfc062723c751e8b465ee728b)
Start importing Assets/Plugins/Pixel Crushers/Dialogue System/Prefabs/Art/Textures/UnityUI/Unity - Window.psd using Guid(56f0487aa75c16442b6a6997355c3bda) Importer(815301076,1909f56bfc062723c751e8b465ee728b)  -> (artifact id: 'be27a82809245964aaac5b657f6575c7') in 0.308882 seconds 
========================================================================
Received Import Request.
  Time since last request: 0.000070 seconds.
  path: Assets/Resources/Sprites/_Shapes&Icons/UImouse_left.png
  artifactKey: Guid(204401b9501ed45e1840598a5a428ab8) Importer(815301076,1909f56bfc062723c751e8b465ee728b)
Start importing Assets/Resources/Sprites/_Shapes&Icons/UImouse_left.png using Guid(204401b9501ed45e1840598a5a428ab8) Importer(815301076,1909f56bfc062723c751e8b465ee728b)  -> (artifact id: '72f2adc2d1c1ac146cfad50fc99a2a97') in 0.030449 seconds 
========================================================================
Received Import Request.
  Time since last request: 0.000064 seconds.
  path: Assets/Resources/Sprites/_Shapes&Icons/UImouse_scroll.png
  artifactKey: Guid(7aaac9e6b080046819e3992e4fb4476b) Importer(815301076,1909f56bfc062723c751e8b465ee728b)
Start importing Assets/Resources/Sprites/_Shapes&Icons/UImouse_scroll.png using Guid(7aaac9e6b080046819e3992e4fb4476b) Importer(815301076,1909f56bfc062723c751e8b465ee728b)  -> (artifact id: '426d407cc3a4847dbd8e19f84babbb9d') in 0.031338 seconds 
========================================================================
Received Import Request.
  Time since last request: 0.000105 seconds.
  path: Assets/Resources/Sprites/_Shapes&Icons/TriangleFill.png
  artifactKey: Guid(fd5bb0efe5755436f9c65dade0c59e69) Importer(815301076,1909f56bfc062723c751e8b465ee728b)
Start importing Assets/Resources/Sprites/_Shapes&Icons/TriangleFill.png using Guid(fd5bb0efe5755436f9c65dade0c59e69) Importer(815301076,1909f56bfc062723c751e8b465ee728b)  -> (artifact id: 'adf596d039f209b00ea979ac5cc7cd93') in 0.012191 seconds 
========================================================================
Received Import Request.
  Time since last request: 0.000108 seconds.
  path: Assets/Plugins/Pixel Crushers/Dialogue System/Prefabs/Art/Textures/Runic/Window Background.png
  artifactKey: Guid(a550b21819b5b564291269f3ba072ef5) Importer(815301076,1909f56bfc062723c751e8b465ee728b)
Start importing Assets/Plugins/Pixel Crushers/Dialogue System/Prefabs/Art/Textures/Runic/Window Background.png using Guid(a550b21819b5b564291269f3ba072ef5) Importer(815301076,1909f56bfc062723c751e8b465ee728b)  -> (artifact id: '4ed33fcc2867d0ae9285c6f39affa823') in 0.127799 seconds 
========================================================================
Received Import Request.
  Time since last request: 0.000085 seconds.
  path: Assets/Plugins/Pixel Crushers/Dialogue System/Prefabs/Art/Textures/JRPG/WindowSprite.png
  artifactKey: Guid(0e3de6ba89fe6a242bfa146ef8ed525f) Importer(815301076,1909f56bfc062723c751e8b465ee728b)
Start importing Assets/Plugins/Pixel Crushers/Dialogue System/Prefabs/Art/Textures/JRPG/WindowSprite.png using Guid(0e3de6ba89fe6a242bfa146ef8ed525f) Importer(815301076,1909f56bfc062723c751e8b465ee728b)  -> (artifact id: '3df1b50d78dee1898ea1746834ec9242') in 0.010896 seconds 
========================================================================
Received Import Request.
  Time since last request: 0.000069 seconds.
  path: Assets/Plugins/Pixel Crushers/Dialogue System/Prefabs/Art/Textures/UnityUI/Unity - Inset.psd
  artifactKey: Guid(7d3a920c42c6a734fb25908d06ea4728) Importer(815301076,1909f56bfc062723c751e8b465ee728b)
Start importing Assets/Plugins/Pixel Crushers/Dialogue System/Prefabs/Art/Textures/UnityUI/Unity - Inset.psd using Guid(7d3a920c42c6a734fb25908d06ea4728) Importer(815301076,1909f56bfc062723c751e8b465ee728b)  -> (artifact id: 'f05b322ddb80234ddb35bb9ecf704fac') in 0.010898 seconds 
========================================================================
Received Import Request.
  Time since last request: 3.603630 seconds.
  path: Assets/Plugins/Pixel Crushers/Dialogue System/Prefabs/Standard UI Prefabs/Templates/Basic/Basic Standard UI Selector Elements.prefab
  artifactKey: Guid(a5c98dfcec76e1847a0aa8d7c8a93459) Importer(815301076,1909f56bfc062723c751e8b465ee728b)
Start importing Assets/Plugins/Pixel Crushers/Dialogue System/Prefabs/Standard UI Prefabs/Templates/Basic/Basic Standard UI Selector Elements.prefab using Guid(a5c98dfcec76e1847a0aa8d7c8a93459) Importer(815301076,1909f56bfc062723c751e8b465ee728b)  -> (artifact id: 'ec90b6407e3274c01b3bd48b9a87ee1b') in 0.019308 seconds 
========================================================================
Received Import Request.
  Time since last request: 6.249584 seconds.
  path: Assets/Plugins/Pixel Crushers/Dialogue System/Prefabs/Art/Textures/SMS/SMS Bubble.png
  artifactKey: Guid(33d6870a7a177a843aa49fd3b7a6c7ad) Importer(815301076,1909f56bfc062723c751e8b465ee728b)
Start importing Assets/Plugins/Pixel Crushers/Dialogue System/Prefabs/Art/Textures/SMS/SMS Bubble.png using Guid(33d6870a7a177a843aa49fd3b7a6c7ad) Importer(815301076,1909f56bfc062723c751e8b465ee728b)  -> (artifact id: '693abd86934c6bd1ffe952618fca3663') in 0.014178 seconds 
========================================================================
Received Import Request.
  Time since last request: 0.000095 seconds.
  path: Assets/Resources/Sprites/_Shapes&Icons/SquareFill.png
  artifactKey: Guid(d6aec745bd4c94abd868acdb25023052) Importer(815301076,1909f56bfc062723c751e8b465ee728b)
Start importing Assets/Resources/Sprites/_Shapes&Icons/SquareFill.png using Guid(d6aec745bd4c94abd868acdb25023052) Importer(815301076,1909f56bfc062723c751e8b465ee728b)  -> (artifact id: 'b5c9074175b1e30ab4890ad7fd6c0837') in 0.018411 seconds 
========================================================================
Received Import Request.
  Time since last request: 0.207358 seconds.
  path: Assets/Plugins/Pixel Crushers/Dialogue System/Prefabs/Art/Textures/Sci-fi/shaded_butt.png
  artifactKey: Guid(5652c3ffb9a08b445bc476c5476bc44f) Importer(815301076,1909f56bfc062723c751e8b465ee728b)
Start importing Assets/Plugins/Pixel Crushers/Dialogue System/Prefabs/Art/Textures/Sci-fi/shaded_butt.png using Guid(5652c3ffb9a08b445bc476c5476bc44f) Importer(815301076,1909f56bfc062723c751e8b465ee728b)  -> (artifact id: 'e9bfcdde98e08f8948e5870a883147f9') in 0.012672 seconds 
========================================================================
Received Import Request.
  Time since last request: 0.000068 seconds.
  path: Assets/Plugins/Pixel Crushers/Dialogue System/Prefabs/Art/Textures/Sci-fi/Simple_butt.png
  artifactKey: Guid(5087a7e3667fc9b4386891b7419cd4b2) Importer(815301076,1909f56bfc062723c751e8b465ee728b)
Start importing Assets/Plugins/Pixel Crushers/Dialogue System/Prefabs/Art/Textures/Sci-fi/Simple_butt.png using Guid(5087a7e3667fc9b4386891b7419cd4b2) Importer(815301076,1909f56bfc062723c751e8b465ee728b)  -> (artifact id: '4c2ce33e491589029da8a01c03e56b7e') in 0.012960 seconds 
========================================================================
Received Import Request.
  Time since last request: 0.223739 seconds.
  path: Assets/Plugins/Pixel Crushers/Dialogue System/Prefabs/Art/Textures/Runic/ScrollButtonHeld.png
  artifactKey: Guid(8250ba99aa6d5ad4f837a7bea00ad3a5) Importer(815301076,1909f56bfc062723c751e8b465ee728b)
Start importing Assets/Plugins/Pixel Crushers/Dialogue System/Prefabs/Art/Textures/Runic/ScrollButtonHeld.png using Guid(8250ba99aa6d5ad4f837a7bea00ad3a5) Importer(815301076,1909f56bfc062723c751e8b465ee728b)  -> (artifact id: 'c17d5c52b3e5b7251d98276f0af9bebd') in 0.017020 seconds 
========================================================================
Received Import Request.
  Time since last request: 0.000123 seconds.
  path: Assets/Plugins/Pixel Crushers/Dialogue System/Prefabs/Art/Textures/UnityUI/SF Button.psd
  artifactKey: Guid(9a32a6cc2cb803443983d45d4a513506) Importer(815301076,1909f56bfc062723c751e8b465ee728b)
Start importing Assets/Plugins/Pixel Crushers/Dialogue System/Prefabs/Art/Textures/UnityUI/SF Button.psd using Guid(9a32a6cc2cb803443983d45d4a513506) Importer(815301076,1909f56bfc062723c751e8b465ee728b)  -> (artifact id: '22182557c4874f0b431df1a25a4b3352') in 0.014559 seconds 
========================================================================
Received Import Request.
  Time since last request: 0.773177 seconds.
  path: Assets/Plugins/Pixel Crushers/Dialogue System/Prefabs/Art/Textures/Mobile/ScrollBar.png
  artifactKey: Guid(8bd8fed5f979807439a894d9ec3bfa6e) Importer(815301076,1909f56bfc062723c751e8b465ee728b)
Start importing Assets/Plugins/Pixel Crushers/Dialogue System/Prefabs/Art/Textures/Mobile/ScrollBar.png using Guid(8bd8fed5f979807439a894d9ec3bfa6e) Importer(815301076,1909f56bfc062723c751e8b465ee728b)  -> (artifact id: '122e4e3c62005f9ebe0529a80c2c071e') in 0.016750 seconds 
========================================================================
Received Import Request.
  Time since last request: 2.224660 seconds.
  path: Assets/Plugins/Pixel Crushers/Dialogue System/Prefabs/Art/Textures/Basic/portrait.png
  artifactKey: Guid(8fbfa1bc77a0388499f83f32b410eea3) Importer(815301076,1909f56bfc062723c751e8b465ee728b)
Start importing Assets/Plugins/Pixel Crushers/Dialogue System/Prefabs/Art/Textures/Basic/portrait.png using Guid(8fbfa1bc77a0388499f83f32b410eea3) Importer(815301076,1909f56bfc062723c751e8b465ee728b)  -> (artifact id: 'ee92fc029a31d9de3972479733dc7cf7') in 0.013124 seconds 
========================================================================
Received Import Request.
  Time since last request: 0.000059 seconds.
  path: Assets/Resources/Sprites/_Shapes&Icons/RoundSquare.png
  artifactKey: Guid(40ad4f2fe9a224726b75ded2d05dce40) Importer(815301076,1909f56bfc062723c751e8b465ee728b)
Start importing Assets/Resources/Sprites/_Shapes&Icons/RoundSquare.png using Guid(40ad4f2fe9a224726b75ded2d05dce40) Importer(815301076,1909f56bfc062723c751e8b465ee728b)  -> (artifact id: 'a96a06fc3a7dd5bcfb6b0aa2aafff3cf') in 0.016665 seconds 
========================================================================
Received Import Request.
  Time since last request: 1.090761 seconds.
  path: Assets/Plugins/Pixel Crushers/Dialogue System/Prefabs/Art/Textures/Mobile/PanelBar.png
  artifactKey: Guid(8ae6b3bd2771d7140b1ba50d68a41d21) Importer(815301076,1909f56bfc062723c751e8b465ee728b)
Start importing Assets/Plugins/Pixel Crushers/Dialogue System/Prefabs/Art/Textures/Mobile/PanelBar.png using Guid(8ae6b3bd2771d7140b1ba50d68a41d21) Importer(815301076,1909f56bfc062723c751e8b465ee728b)  -> (artifact id: 'e86372630ded49d3ec1d2ecf9e6ac486') in 0.016734 seconds 
========================================================================
Received Import Request.
  Time since last request: 0.000075 seconds.
  path: Assets/Resources/Sprites/_Shapes&Icons/PersonFill.png
  artifactKey: Guid(6874e8f113ee3491bb42767f37da9ef2) Importer(815301076,1909f56bfc062723c751e8b465ee728b)
Start importing Assets/Resources/Sprites/_Shapes&Icons/PersonFill.png using Guid(6874e8f113ee3491bb42767f37da9ef2) Importer(815301076,1909f56bfc062723c751e8b465ee728b)  -> (artifact id: 'ac43062b8a21eb5d102cc5cc1c4ecd5f') in 0.013811 seconds 
========================================================================
Received Import Request.
  Time since last request: 0.137212 seconds.
  path: Assets/Resources/Sprites/_Shapes&Icons/LongLine.png
  artifactKey: Guid(9e009b3112cda4c21b1c8487a836cb24) Importer(815301076,1909f56bfc062723c751e8b465ee728b)
Start importing Assets/Resources/Sprites/_Shapes&Icons/LongLine.png using Guid(9e009b3112cda4c21b1c8487a836cb24) Importer(815301076,1909f56bfc062723c751e8b465ee728b)  -> (artifact id: '252ce7a7188bf48f8566f72ce478019a') in 0.013106 seconds 
========================================================================
Received Import Request.
  Time since last request: 0.981937 seconds.
  path: Assets/Resources/Sprites/_Shapes&Icons/icon-shuffle.png
  artifactKey: Guid(68f755e87c4474552a0ec61d78a7bca0) Importer(815301076,1909f56bfc062723c751e8b465ee728b)
Start importing Assets/Resources/Sprites/_Shapes&Icons/icon-shuffle.png using Guid(68f755e87c4474552a0ec61d78a7bca0) Importer(815301076,1909f56bfc062723c751e8b465ee728b)  -> (artifact id: '5b95d2006eb819a529b37d44e7827ad4') in 0.030176 seconds 
========================================================================
Received Import Request.
  Time since last request: 0.000093 seconds.
  path: Assets/Resources/Sprites/layout.png
  artifactKey: Guid(19b8d954f25304edba479a41fd2a3968) Importer(815301076,1909f56bfc062723c751e8b465ee728b)
Start importing Assets/Resources/Sprites/layout.png using Guid(19b8d954f25304edba479a41fd2a3968) Importer(815301076,1909f56bfc062723c751e8b465ee728b)  -> (artifact id: '9c95ff7576141ad5aa39363460970563') in 0.037691 seconds 
========================================================================
Received Import Request.
  Time since last request: 0.505545 seconds.
  path: Assets/Resources/Sprites/_Shapes&Icons/handcursor.png
  artifactKey: Guid(85ee0c4f869004b6985815766e66130e) Importer(815301076,1909f56bfc062723c751e8b465ee728b)
Start importing Assets/Resources/Sprites/_Shapes&Icons/handcursor.png using Guid(85ee0c4f869004b6985815766e66130e) Importer(815301076,1909f56bfc062723c751e8b465ee728b)  -> (artifact id: 'ced2323b9be88e47db8f42c8969332cc') in 0.012578 seconds 
========================================================================
Received Import Request.
  Time since last request: 0.000107 seconds.
  path: Assets/Plugins/Pixel Crushers/Dialogue System/Prefabs/Art/Textures/Wheel/header_splice.png
  artifactKey: Guid(d7ba33f6180e243448f102d3a55d22fb) Importer(815301076,1909f56bfc062723c751e8b465ee728b)
Start importing Assets/Plugins/Pixel Crushers/Dialogue System/Prefabs/Art/Textures/Wheel/header_splice.png using Guid(d7ba33f6180e243448f102d3a55d22fb) Importer(815301076,1909f56bfc062723c751e8b465ee728b)  -> (artifact id: 'd0dae7c9d7a19a8c71f19206fc5b4894') in 0.013944 seconds 
========================================================================
Received Import Request.
  Time since last request: 0.921940 seconds.
  path: Assets/DOTween/Editor/Imgs/DOTweenIcon.png
  artifactKey: Guid(5cd33db24b8b44426bb92bd479ae3b7b) Importer(815301076,1909f56bfc062723c751e8b465ee728b)
Start importing Assets/DOTween/Editor/Imgs/DOTweenIcon.png using Guid(5cd33db24b8b44426bb92bd479ae3b7b) Importer(815301076,1909f56bfc062723c751e8b465ee728b)  -> (artifact id: '928b8533e217b83ad8e1e6367118e37d') in 0.012717 seconds 
========================================================================
Received Import Request.
  Time since last request: 0.000061 seconds.
  path: Assets/DOTween/Editor/Imgs/Footer_dark.png
  artifactKey: Guid(239ef2c3248144545942ffbf3fc2f8dc) Importer(815301076,1909f56bfc062723c751e8b465ee728b)
Start importing Assets/DOTween/Editor/Imgs/Footer_dark.png using Guid(239ef2c3248144545942ffbf3fc2f8dc) Importer(815301076,1909f56bfc062723c751e8b465ee728b)  -> (artifact id: '39e2a7451bf22a8921b4be33399a8be0') in 0.015721 seconds 
========================================================================
Received Import Request.
  Time since last request: 0.343279 seconds.
  path: Assets/Resources/Sprites/_Shapes&Icons/Diamond.png
  artifactKey: Guid(86d63943b5b5e43c0a509d8721915ac0) Importer(815301076,1909f56bfc062723c751e8b465ee728b)
Start importing Assets/Resources/Sprites/_Shapes&Icons/Diamond.png using Guid(86d63943b5b5e43c0a509d8721915ac0) Importer(815301076,1909f56bfc062723c751e8b465ee728b)  -> (artifact id: '22e480e57254574f8b2f179dad68a4ff') in 0.013502 seconds 
========================================================================
Received Import Request.
  Time since last request: 0.233135 seconds.
  path: Assets/Plugins/Pixel Crushers/Dialogue System/Prefabs/Art/Textures/Circle/Circle Timer Full.png
  artifactKey: Guid(34c69e9a19a994b4c96aad3920938c3a) Importer(815301076,1909f56bfc062723c751e8b465ee728b)
Start importing Assets/Plugins/Pixel Crushers/Dialogue System/Prefabs/Art/Textures/Circle/Circle Timer Full.png using Guid(34c69e9a19a994b4c96aad3920938c3a) Importer(815301076,1909f56bfc062723c751e8b465ee728b)  -> (artifact id: '76859babe3a1d8d1546995a1d73efe21') in 0.013167 seconds 
========================================================================
Received Import Request.
  Time since last request: 15.447614 seconds.
  path: Assets/Resources/Sprites/_Shapes&Icons/Circle.png
  artifactKey: Guid(1d70ba4effb24474e8fee4a7d5185622) Importer(815301076,1909f56bfc062723c751e8b465ee728b)
Start importing Assets/Resources/Sprites/_Shapes&Icons/Circle.png using Guid(1d70ba4effb24474e8fee4a7d5185622) Importer(815301076,1909f56bfc062723c751e8b465ee728b)  -> (artifact id: '479b90d4ddaa25ab4a8fd900768d595b') in 0.013742 seconds 
========================================================================
Received Import Request.
  Time since last request: 0.193526 seconds.
  path: Assets/Plugins/Pixel Crushers/Dialogue System/Prefabs/Art/Textures/Runic/ButtonHighlighted.png
  artifactKey: Guid(37571a305d72da44da36b2f08f9d8e69) Importer(815301076,1909f56bfc062723c751e8b465ee728b)
Start importing Assets/Plugins/Pixel Crushers/Dialogue System/Prefabs/Art/Textures/Runic/ButtonHighlighted.png using Guid(37571a305d72da44da36b2f08f9d8e69) Importer(815301076,1909f56bfc062723c751e8b465ee728b)  -> (artifact id: 'dfd2ef1a64befba55e4308aa8914f811') in 0.026001 seconds 
========================================================================
Received Import Request.
  Time since last request: 0.339526 seconds.
  path: Assets/Plugins/Pixel Crushers/Dialogue System/Prefabs/Art/Textures/Wheel/btn_pressed_splice.png
  artifactKey: Guid(57b22252e8953e341a3b4b6135a85c0d) Importer(815301076,1909f56bfc062723c751e8b465ee728b)
Start importing Assets/Plugins/Pixel Crushers/Dialogue System/Prefabs/Art/Textures/Wheel/btn_pressed_splice.png using Guid(57b22252e8953e341a3b4b6135a85c0d) Importer(815301076,1909f56bfc062723c751e8b465ee728b)  -> (artifact id: '5e9c52fdfea7934297fbb0a53c26061c') in 0.012254 seconds 
========================================================================
Received Import Request.
  Time since last request: 0.000087 seconds.
  path: Assets/Plugins/Pixel Crushers/Dialogue System/Prefabs/Art/Textures/Runic/Button.png
  artifactKey: Guid(2ba68fa8bf3994644b5d96d137d32974) Importer(815301076,1909f56bfc062723c751e8b465ee728b)
Start importing Assets/Plugins/Pixel Crushers/Dialogue System/Prefabs/Art/Textures/Runic/Button.png using Guid(2ba68fa8bf3994644b5d96d137d32974) Importer(815301076,1909f56bfc062723c751e8b465ee728b)  -> (artifact id: 'cc7ff483a9014db4845c7b8b71668039') in 0.024753 seconds 
========================================================================
Received Import Request.
  Time since last request: 0.142469 seconds.
  path: Assets/Plugins/Pixel Crushers/Dialogue System/Prefabs/Art/Textures/Wheel/btn6_hover.png
  artifactKey: Guid(9bbfcad9b65ee094f9e5d231489d8981) Importer(815301076,1909f56bfc062723c751e8b465ee728b)
Start importing Assets/Plugins/Pixel Crushers/Dialogue System/Prefabs/Art/Textures/Wheel/btn6_hover.png using Guid(9bbfcad9b65ee094f9e5d231489d8981) Importer(815301076,1909f56bfc062723c751e8b465ee728b)  -> (artifact id: '734bc444883ef6571560e82869f60403') in 0.015123 seconds 
========================================================================
Received Import Request.
  Time since last request: 0.429587 seconds.
  path: Assets/Plugins/Pixel Crushers/Dialogue System/Prefabs/Art/Textures/Wheel/btn4_normal.png
  artifactKey: Guid(12bc9c02daa84f14b980f881d2bf864b) Importer(815301076,1909f56bfc062723c751e8b465ee728b)
Start importing Assets/Plugins/Pixel Crushers/Dialogue System/Prefabs/Art/Textures/Wheel/btn4_normal.png using Guid(12bc9c02daa84f14b980f881d2bf864b) Importer(815301076,1909f56bfc062723c751e8b465ee728b)  -> (artifact id: '085491216c282fc15ca3779861be1bd5') in 0.015224 seconds 
========================================================================
Received Import Request.
  Time since last request: 0.000084 seconds.
  path: Assets/Plugins/Pixel Crushers/Dialogue System/Prefabs/Art/Textures/Wheel/btn5_hover.png
  artifactKey: Guid(2d95a86b460252f4485e6ea32de747c0) Importer(815301076,1909f56bfc062723c751e8b465ee728b)
Start importing Assets/Plugins/Pixel Crushers/Dialogue System/Prefabs/Art/Textures/Wheel/btn5_hover.png using Guid(2d95a86b460252f4485e6ea32de747c0) Importer(815301076,1909f56bfc062723c751e8b465ee728b)  -> (artifact id: '29733144329e417f98aa48077ae0b837') in 0.013644 seconds 
========================================================================
Received Import Request.
  Time since last request: 0.112408 seconds.
  path: Assets/Plugins/Pixel Crushers/Dialogue System/Prefabs/Art/Textures/Wheel/btn2_pressed.png
  artifactKey: Guid(c4a8ecd265138824cb5ddce16cf07bf4) Importer(815301076,1909f56bfc062723c751e8b465ee728b)
Start importing Assets/Plugins/Pixel Crushers/Dialogue System/Prefabs/Art/Textures/Wheel/btn2_pressed.png using Guid(c4a8ecd265138824cb5ddce16cf07bf4) Importer(815301076,1909f56bfc062723c751e8b465ee728b)  -> (artifact id: '7d5f1b262d0fa7d9e4a55e023f86f41c') in 0.014721 seconds 
========================================================================
Received Import Request.
  Time since last request: 0.000109 seconds.
  path: Assets/Plugins/Pixel Crushers/Dialogue System/Prefabs/Art/Textures/Wheel/btn3_pressed.png
  artifactKey: Guid(a558e8c32dbc5bc409d1b7aae6638ff0) Importer(815301076,1909f56bfc062723c751e8b465ee728b)
Start importing Assets/Plugins/Pixel Crushers/Dialogue System/Prefabs/Art/Textures/Wheel/btn3_pressed.png using Guid(a558e8c32dbc5bc409d1b7aae6638ff0) Importer(815301076,1909f56bfc062723c751e8b465ee728b)  -> (artifact id: 'd5737949c39d493f6c15b4351d5af232') in 0.015101 seconds 
========================================================================
Received Import Request.
  Time since last request: 0.260055 seconds.
  path: Assets/Plugins/Pixel Crushers/Dialogue System/Prefabs/Art/Textures/Wheel/btn1_hover.png
  artifactKey: Guid(115ec3b4ca6d7914b9e88be17ab2631b) Importer(815301076,1909f56bfc062723c751e8b465ee728b)
Start importing Assets/Plugins/Pixel Crushers/Dialogue System/Prefabs/Art/Textures/Wheel/btn1_hover.png using Guid(115ec3b4ca6d7914b9e88be17ab2631b) Importer(815301076,1909f56bfc062723c751e8b465ee728b)  -> (artifact id: '21ffa949c6b96b0d409de1c804f0a067') in 0.014055 seconds 
========================================================================
Received Import Request.
  Time since last request: 0.124400 seconds.
  path: Assets/Resources/Sprites/_Shapes&Icons/ArrowKeys.png
  artifactKey: Guid(b9d18fbdc92ce4c99a3a530fe90a4437) Importer(815301076,1909f56bfc062723c751e8b465ee728b)
Start importing Assets/Resources/Sprites/_Shapes&Icons/ArrowKeys.png using Guid(b9d18fbdc92ce4c99a3a530fe90a4437) Importer(815301076,1909f56bfc062723c751e8b465ee728b)  -> (artifact id: '4c28f7574e4e175ab1e67064cfc5608b') in 0.014911 seconds 
Editor requested this worker to shutdown with reason: Scaling down because of idle timeout
AssetImportWorker is now disconnected from the server
Process exiting
