Unity Editor version:    2021.2.7f1 (6bd9e232123f)
Branch:                  2021.2/staging
Build type:              Release
Batch mode:              YES
macOS version:           Version 12.2 (Build 21D5039d)
Darwin version:          21.3.0
Architecture:            x86_64
Running under Rosetta:   NO
Available memory:        32768 MB
Using pre-set license
Pro License: NO

COMMAND LINE ARGUMENTS:
/Applications/Unity/Hub/Editor/2021.2.7f1/Unity.app/Contents/MacOS/Unity
-adb2
-batchMode
-noUpm
-name
AssetImportWorker0
-projectPath
/Users/chriswilliams/UnityRepo/TheWorld
-logFile
Logs/AssetImportWorker0.log
-srvPort
49377
Successfully changed project path to: /Users/chriswilliams/UnityRepo/TheWorld
/Users/chriswilliams/UnityRepo/TheWorld
[UnityMemory] Configuration Parameters - Can be set up in boot.config
    "memorysetup-bucket-allocator-granularity=16"
    "memorysetup-bucket-allocator-bucket-count=8"
    "memorysetup-bucket-allocator-block-size=33554432"
    "memorysetup-bucket-allocator-block-count=8"
    "memorysetup-main-allocator-block-size=16777216"
    "memorysetup-thread-allocator-block-size=16777216"
    "memorysetup-gfx-main-allocator-block-size=16777216"
    "memorysetup-gfx-thread-allocator-block-size=16777216"
    "memorysetup-cache-allocator-block-size=4194304"
    "memorysetup-typetree-allocator-block-size=2097152"
    "memorysetup-profiler-bucket-allocator-granularity=16"
    "memorysetup-profiler-bucket-allocator-bucket-count=8"
    "memorysetup-profiler-bucket-allocator-block-size=33554432"
    "memorysetup-profiler-bucket-allocator-block-count=8"
    "memorysetup-profiler-allocator-block-size=16777216"
    "memorysetup-profiler-editor-allocator-block-size=1048576"
    "memorysetup-temp-allocator-size-main=16777216"
    "memorysetup-job-temp-allocator-block-size=2097152"
    "memorysetup-job-temp-allocator-block-size-background=1048576"
    "memorysetup-job-temp-allocator-reduction-small-platforms=262144"
    "memorysetup-temp-allocator-size-background-worker=32768"
    "memorysetup-temp-allocator-size-job-worker=262144"
    "memorysetup-temp-allocator-size-preload-manager=33554432"
    "memorysetup-temp-allocator-size-nav-mesh-worker=65536"
    "memorysetup-temp-allocator-size-audio-worker=65536"
    "memorysetup-temp-allocator-size-cloud-worker=32768"
    "memorysetup-temp-allocator-size-gi-baking-worker=262144"
    "memorysetup-temp-allocator-size-gfx=262144"
Refreshing native plugins compatible for Editor in 85.38 ms, found 3 plugins.
Preloading 0 native plugins for Editor in 0.00 ms.
Initialize engine version: 2021.2.7f1 (6bd9e232123f)
[Subsystems] Discovering subsystems at path /Applications/Unity/Hub/Editor/2021.2.7f1/Unity.app/Contents/Resources/UnitySubsystems
[Subsystems] Discovering subsystems at path /Users/chriswilliams/UnityRepo/TheWorld/Assets
GfxDevice: creating device client; threaded=0; jobified=0
Color LCD preferred device: AMD Radeon Pro 5300M (high power)
Metal devices available: 2
0: AMD Radeon Pro 5300M (high power)
1: Intel(R) UHD Graphics 630 (low power)
Using device AMD Radeon Pro 5300M (high power)
Initializing Metal device caps: AMD Radeon Pro 5300M
Initialize mono
Mono path[0] = '/Applications/Unity/Hub/Editor/2021.2.7f1/Unity.app/Contents/Managed'
Mono path[1] = '/Applications/Unity/Hub/Editor/2021.2.7f1/Unity.app/Contents/MonoBleedingEdge/lib/mono/unityjit-macos'
Mono config path = '/Applications/Unity/Hub/Editor/2021.2.7f1/Unity.app/Contents/MonoBleedingEdge/etc'
Using monoOptions --debugger-agent=transport=dt_socket,embedding=1,server=y,suspend=n,address=127.0.0.1:56234
Begin MonoManager ReloadAssembly
Registering precompiled unity dll's ...
Register platform support module: /Applications/Unity/Hub/Editor/2021.2.7f1/PlaybackEngines/WebGLSupport/UnityEditor.WebGL.Extensions.dll
Register platform support module: /Applications/Unity/Hub/Editor/2021.2.7f1/Unity.app/Contents/PlaybackEngines/MacStandaloneSupport/UnityEditor.OSXStandalone.Extensions.dll
Register platform support module: /Applications/Unity/Hub/Editor/2021.2.7f1/PlaybackEngines/WindowsStandaloneSupport/UnityEditor.WindowsStandalone.Extensions.dll
Registered in 0.003274 seconds.
Native extension for WindowsStandalone target not found
Native extension for OSXStandalone target not found
Native extension for WebGL target not found
Refreshing native plugins compatible for Editor in 69.15 ms, found 3 plugins.
Preloading 0 native plugins for Editor in 0.00 ms.
Mono: successfully reloaded assembly
- Completed reload, in  0.774 seconds
Domain Reload Profiling:
	ReloadAssembly (774ms)
		BeginReloadAssembly (113ms)
			ExecutionOrderSort (0ms)
			DisableScriptedObjects (0ms)
			BackupInstance (0ms)
			ReleaseScriptingObjects (0ms)
			CreateAndSetChildDomain (1ms)
		EndReloadAssembly (550ms)
			LoadAssemblies (114ms)
			RebuildTransferFunctionScriptingTraits (0ms)
			SetupTypeCache (126ms)
			ReleaseScriptCaches (0ms)
			RebuildScriptCaches (40ms)
			SetupLoadedEditorAssemblies (326ms)
				LogAssemblyErrors (0ms)
				InitializePlatformSupportModulesInManaged (16ms)
				SetLoadedEditorAssemblies (0ms)
				RefreshPlugins (69ms)
				BeforeProcessingInitializeOnLoad (2ms)
				ProcessInitializeOnLoadAttributes (182ms)
				ProcessInitializeOnLoadMethodAttributes (56ms)
				AfterProcessingInitializeOnLoad (0ms)
				EditorAssembliesLoaded (0ms)
			ExecutionOrderSort2 (0ms)
			AwakeInstancesAfterBackupRestoration (0ms)
Platform modules already initialized, skipping
Registering precompiled user dll's ...
Registered in 0.018557 seconds.
Begin MonoManager ReloadAssembly
Native extension for WindowsStandalone target not found
Native extension for OSXStandalone target not found
Native extension for WebGL target not found
Refreshing native plugins compatible for Editor in 103.24 ms, found 3 plugins.
Preloading 0 native plugins for Editor in 0.00 ms.
Mono: successfully reloaded assembly
- Completed reload, in  5.487 seconds
Domain Reload Profiling:
	ReloadAssembly (5488ms)
		BeginReloadAssembly (151ms)
			ExecutionOrderSort (0ms)
			DisableScriptedObjects (8ms)
			BackupInstance (0ms)
			ReleaseScriptingObjects (0ms)
			CreateAndSetChildDomain (30ms)
		EndReloadAssembly (5126ms)
			LoadAssemblies (125ms)
			RebuildTransferFunctionScriptingTraits (0ms)
			SetupTypeCache (466ms)
			ReleaseScriptCaches (1ms)
			RebuildScriptCaches (154ms)
			SetupLoadedEditorAssemblies (4281ms)
				LogAssemblyErrors (0ms)
				InitializePlatformSupportModulesInManaged (19ms)
				SetLoadedEditorAssemblies (0ms)
				RefreshPlugins (103ms)
				BeforeProcessingInitializeOnLoad (102ms)
				ProcessInitializeOnLoadAttributes (3950ms)
				ProcessInitializeOnLoadMethodAttributes (105ms)
				AfterProcessingInitializeOnLoad (1ms)
				EditorAssembliesLoaded (0ms)
			ExecutionOrderSort2 (0ms)
			AwakeInstancesAfterBackupRestoration (5ms)
Platform modules already initialized, skipping
========================================================================
Worker process is ready to serve import requests
Launching external process: /Applications/Unity/Hub/Editor/2021.2.7f1/Unity.app/Contents/Tools/UnityShaderCompiler
Launched and connected shader compiler UnityShaderCompiler after 0.07 seconds
Refreshing native plugins compatible for Editor in 0.73 ms, found 3 plugins.
Preloading 0 native plugins for Editor in 0.00 ms.
Unloading 3380 Unused Serialized files (Serialized files now loaded: 0)
Unloading 46 unused Assets / (44.1 KB). Loaded Objects now: 3896.
Memory consumption went from 274.0 MB to 273.9 MB.
Total: 28.945816 ms (FindLiveObjects: 0.284586 ms CreateObjectMapping: 0.218628 ms MarkObjects: 28.297706 ms  DeleteObjects: 0.143110 ms)

AssetImportParameters requested are different than current active one (requested -> active):
  custom:video-decoder-ogg-theora: a1e56fd34408186e4bbccfd4996cb3dc -> 
  custom:container-muxer-webm: aa71ff27fc2769a1b78a27578f13a17b -> 
  custom:container-demuxer-webm: 4f35f7cbe854078d1ac9338744f61a02 -> 
  custom:video-encoder-webm-vp8: eb34c28f22e8b96e1ab97ce403110664 -> 
  custom:framework-osx-AVFoundation: e770b220cccbd017edd2c1fefb359320 -> 
  custom:audio-encoder-webm-vorbis: bf7c407c2cedff20999df2af8eb42d56 -> 
  custom:container-demuxer-ogg: 62fdf1f143b41e24485cea50d1cbac27 -> 
  custom:video-decoder-webm-vp8: 9c59270c3fd7afecdb556c50c9e8de78 -> 
  custom:audio-decoder-ogg-vorbis: bf7c407c2cedff20999df2af8eb42d56 -> 
========================================================================
Received Import Request.
  Time since last request: 2675.055043 seconds.
  path: Assets/Resources/Dialog/TWC-Stranger.JSON
  artifactKey: Guid(9c4a85d1bd662438a9c2d8a523dfc621) Importer(815301076,1909f56bfc062723c751e8b465ee728b)
Start importing Assets/Resources/Dialog/TWC-Stranger.JSON using Guid(9c4a85d1bd662438a9c2d8a523dfc621) Importer(815301076,1909f56bfc062723c751e8b465ee728b)  -> (artifact id: '732df3bfd1198b64d065e4699a94f0c4') in 1.538938 seconds 
========================================================================
Received Import Request.
  Time since last request: 238.164220 seconds.
  path: Assets/Resources/Dialog/TWC-Intro.JSON
  artifactKey: Guid(40fa2a5c0fb9e434abb1744649a0ab57) Importer(815301076,1909f56bfc062723c751e8b465ee728b)
Start importing Assets/Resources/Dialog/TWC-Intro.JSON using Guid(40fa2a5c0fb9e434abb1744649a0ab57) Importer(815301076,1909f56bfc062723c751e8b465ee728b)  -> (artifact id: '71e825cfe7e71eb1e3e16a7fb260e7ce') in 0.003487 seconds 
========================================================================
Received Import Request.
  Time since last request: 1126.379287 seconds.
  path: Assets/Resources/Dialog/Test-Story 1.json
  artifactKey: Guid(8d66ad2a000f1404a8bb81a64d3ebe57) Importer(815301076,1909f56bfc062723c751e8b465ee728b)
Start importing Assets/Resources/Dialog/Test-Story 1.json using Guid(8d66ad2a000f1404a8bb81a64d3ebe57) Importer(815301076,1909f56bfc062723c751e8b465ee728b)  -> (artifact id: 'bbdf7d39d3c65735a3f865ca5eeb68a4') in 0.853124 seconds 
========================================================================
Received Import Request.
  Time since last request: 42.504405 seconds.
  path: Assets/Resources/Dialog/Test-Story.json
  artifactKey: Guid(a03f5799054d14d3fa8dc9133a884587) Importer(815301076,1909f56bfc062723c751e8b465ee728b)
Start importing Assets/Resources/Dialog/Test-Story.json using Guid(a03f5799054d14d3fa8dc9133a884587) Importer(815301076,1909f56bfc062723c751e8b465ee728b)  -> (artifact id: '0d1f342d39344f16f085b011e6255c55') in 0.001896 seconds 
========================================================================
Received Import Request.
  Time since last request: 157.680777 seconds.
  path: Assets/Resources/Dialogue Database (Auto-Backup).asset
  artifactKey: Guid(94d2945b7137c4f5d9eae3bb4db24b12) Importer(815301076,1909f56bfc062723c751e8b465ee728b)
Start importing Assets/Resources/Dialogue Database (Auto-Backup).asset using Guid(94d2945b7137c4f5d9eae3bb4db24b12) Importer(815301076,1909f56bfc062723c751e8b465ee728b)  -> (artifact id: '26748745bf89a65deec5a4d457c8a212') in 1.165478 seconds 
========================================================================
Received Import Request.
  Time since last request: 452.024639 seconds.
  path: Assets/Resources/Dialog/Test-Story.json
  artifactKey: Guid(a03f5799054d14d3fa8dc9133a884587) Importer(815301076,1909f56bfc062723c751e8b465ee728b)
Start importing Assets/Resources/Dialog/Test-Story.json using Guid(a03f5799054d14d3fa8dc9133a884587) Importer(815301076,1909f56bfc062723c751e8b465ee728b)  -> (artifact id: 'bad44d12d8c8cd001d7b78401c45a6fe') in 0.001885 seconds 
========================================================================
Received Import Request.
  Time since last request: 146.797654 seconds.
  path: Assets/Resources/Dialogue Database.asset
  artifactKey: Guid(3397025acbe41460fa35f7397921da9f) Importer(815301076,1909f56bfc062723c751e8b465ee728b)
Start importing Assets/Resources/Dialogue Database.asset using Guid(3397025acbe41460fa35f7397921da9f) Importer(815301076,1909f56bfc062723c751e8b465ee728b)  -> (artifact id: 'b85e4be69ddd5006d623fcff07024ab4') in 0.019440 seconds 
========================================================================
Received Import Request.
  Time since last request: 275.610385 seconds.
  path: Assets/Resources/Dialogue Database (Auto-Backup).asset
  artifactKey: Guid(3350dcf1c488d4c7da8bf78c74560b22) Importer(815301076,1909f56bfc062723c751e8b465ee728b)
Start importing Assets/Resources/Dialogue Database (Auto-Backup).asset using Guid(3350dcf1c488d4c7da8bf78c74560b22) Importer(815301076,1909f56bfc062723c751e8b465ee728b)  -> (artifact id: '7451a39129d8189e8ddee530039b1da8') in 0.020906 seconds 
========================================================================
Received Import Request.
  Time since last request: 26.536181 seconds.
  path: Assets/Resources/Dialog/Test-Story.json
  artifactKey: Guid(a03f5799054d14d3fa8dc9133a884587) Importer(815301076,1909f56bfc062723c751e8b465ee728b)
Start importing Assets/Resources/Dialog/Test-Story.json using Guid(a03f5799054d14d3fa8dc9133a884587) Importer(815301076,1909f56bfc062723c751e8b465ee728b)  -> (artifact id: 'b36a697c16b6c299ed7eefe729e473c9') in 0.001915 seconds 
========================================================================
Received Import Request.
  Time since last request: 14.490838 seconds.
  path: Assets/Resources/Dialog/TWC-Stranger.json
  artifactKey: Guid(a03f5799054d14d3fa8dc9133a884587) Importer(815301076,1909f56bfc062723c751e8b465ee728b)
Start importing Assets/Resources/Dialog/TWC-Stranger.json using Guid(a03f5799054d14d3fa8dc9133a884587) Importer(815301076,1909f56bfc062723c751e8b465ee728b)  -> (artifact id: '52a163070aa081ac922e0309b6aaa37a') in 0.002036 seconds 
========================================================================
Received Import Request.
  Time since last request: 42.423397 seconds.
  path: Assets/Resources/Dialog/Test-Story.JSON
  artifactKey: Guid(f7b67855ed38b409ba802f1f6da0e273) Importer(815301076,1909f56bfc062723c751e8b465ee728b)
Start importing Assets/Resources/Dialog/Test-Story.JSON using Guid(f7b67855ed38b409ba802f1f6da0e273) Importer(815301076,1909f56bfc062723c751e8b465ee728b)  -> (artifact id: '1ca0124cdb90be9cfd0afe724cd14300') in 0.002134 seconds 
AssetImportWorkerClient::OnTransportError - code=2 error=End of file
