Unity Editor version:    2021.2.7f1 (6bd9e232123f)
Branch:                  2021.2/staging
Build type:              Release
Batch mode:              YES
macOS version:           Version 12.2 (Build 21D5025f)
Darwin version:          21.3.0
Architecture:            x86_64
Running under Rosetta:   NO
Available memory:        32768 MB
Using pre-set license
Pro License: NO

COMMAND LINE ARGUMENTS:
/Applications/Unity/Hub/Editor/2021.2.7f1/Unity.app/Contents/MacOS/Unity
-adb2
-batchMode
-noUpm
-name
AssetImportWorker3
-projectPath
/Users/chriswilliams/UnityRepo/TheWorld
-logFile
Logs/AssetImportWorker3.log
-srvPort
54051
Successfully changed project path to: /Users/chriswilliams/UnityRepo/TheWorld
/Users/chriswilliams/UnityRepo/TheWorld
[UnityMemory] Configuration Parameters - Can be set up in boot.config
    "memorysetup-bucket-allocator-granularity=16"
    "memorysetup-bucket-allocator-bucket-count=8"
    "memorysetup-bucket-allocator-block-size=33554432"
    "memorysetup-bucket-allocator-block-count=8"
    "memorysetup-main-allocator-block-size=16777216"
    "memorysetup-thread-allocator-block-size=16777216"
    "memorysetup-gfx-main-allocator-block-size=16777216"
    "memorysetup-gfx-thread-allocator-block-size=16777216"
    "memorysetup-cache-allocator-block-size=4194304"
    "memorysetup-typetree-allocator-block-size=2097152"
    "memorysetup-profiler-bucket-allocator-granularity=16"
    "memorysetup-profiler-bucket-allocator-bucket-count=8"
    "memorysetup-profiler-bucket-allocator-block-size=33554432"
    "memorysetup-profiler-bucket-allocator-block-count=8"
    "memorysetup-profiler-allocator-block-size=16777216"
    "memorysetup-profiler-editor-allocator-block-size=1048576"
    "memorysetup-temp-allocator-size-main=16777216"
    "memorysetup-job-temp-allocator-block-size=2097152"
    "memorysetup-job-temp-allocator-block-size-background=1048576"
    "memorysetup-job-temp-allocator-reduction-small-platforms=262144"
    "memorysetup-temp-allocator-size-background-worker=32768"
    "memorysetup-temp-allocator-size-job-worker=262144"
    "memorysetup-temp-allocator-size-preload-manager=33554432"
    "memorysetup-temp-allocator-size-nav-mesh-worker=65536"
    "memorysetup-temp-allocator-size-audio-worker=65536"
    "memorysetup-temp-allocator-size-cloud-worker=32768"
    "memorysetup-temp-allocator-size-gi-baking-worker=262144"
    "memorysetup-temp-allocator-size-gfx=262144"
Refreshing native plugins compatible for Editor in 71.07 ms, found 3 plugins.
Preloading 0 native plugins for Editor in 0.00 ms.
Initialize engine version: 2021.2.7f1 (6bd9e232123f)
[Subsystems] Discovering subsystems at path /Applications/Unity/Hub/Editor/2021.2.7f1/Unity.app/Contents/Resources/UnitySubsystems
[Subsystems] Discovering subsystems at path /Users/chriswilliams/UnityRepo/TheWorld/Assets
GfxDevice: creating device client; threaded=0; jobified=0
Color LCD preferred device: AMD Radeon Pro 5300M (high power)
Metal devices available: 2
0: AMD Radeon Pro 5300M (high power)
1: Intel(R) UHD Graphics 630 (low power)
Using device AMD Radeon Pro 5300M (high power)
Initializing Metal device caps: AMD Radeon Pro 5300M
Initialize mono
Mono path[0] = '/Applications/Unity/Hub/Editor/2021.2.7f1/Unity.app/Contents/Managed'
Mono path[1] = '/Applications/Unity/Hub/Editor/2021.2.7f1/Unity.app/Contents/MonoBleedingEdge/lib/mono/unityjit-macos'
Mono config path = '/Applications/Unity/Hub/Editor/2021.2.7f1/Unity.app/Contents/MonoBleedingEdge/etc'
Using monoOptions --debugger-agent=transport=dt_socket,embedding=1,server=y,suspend=n,address=127.0.0.1:56511
Begin MonoManager ReloadAssembly
Registering precompiled unity dll's ...
Register platform support module: /Applications/Unity/Hub/Editor/2021.2.7f1/PlaybackEngines/WebGLSupport/UnityEditor.WebGL.Extensions.dll
Register platform support module: /Applications/Unity/Hub/Editor/2021.2.7f1/Unity.app/Contents/PlaybackEngines/MacStandaloneSupport/UnityEditor.OSXStandalone.Extensions.dll
Register platform support module: /Applications/Unity/Hub/Editor/2021.2.7f1/PlaybackEngines/WindowsStandaloneSupport/UnityEditor.WindowsStandalone.Extensions.dll
Registered in 0.001687 seconds.
Native extension for WindowsStandalone target not found
Native extension for OSXStandalone target not found
Native extension for WebGL target not found
Refreshing native plugins compatible for Editor in 73.54 ms, found 3 plugins.
Preloading 0 native plugins for Editor in 0.00 ms.
Mono: successfully reloaded assembly
- Completed reload, in  0.738 seconds
Domain Reload Profiling:
	ReloadAssembly (739ms)
		BeginReloadAssembly (80ms)
			ExecutionOrderSort (0ms)
			DisableScriptedObjects (0ms)
			BackupInstance (0ms)
			ReleaseScriptingObjects (0ms)
			CreateAndSetChildDomain (1ms)
		EndReloadAssembly (558ms)
			LoadAssemblies (79ms)
			RebuildTransferFunctionScriptingTraits (0ms)
			SetupTypeCache (134ms)
			ReleaseScriptCaches (0ms)
			RebuildScriptCaches (39ms)
			SetupLoadedEditorAssemblies (326ms)
				LogAssemblyErrors (0ms)
				InitializePlatformSupportModulesInManaged (16ms)
				SetLoadedEditorAssemblies (0ms)
				RefreshPlugins (74ms)
				BeforeProcessingInitializeOnLoad (2ms)
				ProcessInitializeOnLoadAttributes (181ms)
				ProcessInitializeOnLoadMethodAttributes (53ms)
				AfterProcessingInitializeOnLoad (0ms)
				EditorAssembliesLoaded (0ms)
			ExecutionOrderSort2 (0ms)
			AwakeInstancesAfterBackupRestoration (0ms)
Platform modules already initialized, skipping
Registering precompiled user dll's ...
Registered in 0.003853 seconds.
Begin MonoManager ReloadAssembly
Native extension for WindowsStandalone target not found
Native extension for OSXStandalone target not found
Native extension for WebGL target not found
Refreshing native plugins compatible for Editor in 63.16 ms, found 3 plugins.
Preloading 0 native plugins for Editor in 0.00 ms.
Mono: successfully reloaded assembly
- Completed reload, in  2.300 seconds
Domain Reload Profiling:
	ReloadAssembly (2301ms)
		BeginReloadAssembly (109ms)
			ExecutionOrderSort (0ms)
			DisableScriptedObjects (7ms)
			BackupInstance (0ms)
			ReleaseScriptingObjects (0ms)
			CreateAndSetChildDomain (23ms)
		EndReloadAssembly (2074ms)
			LoadAssemblies (76ms)
			RebuildTransferFunctionScriptingTraits (0ms)
			SetupTypeCache (339ms)
			ReleaseScriptCaches (1ms)
			RebuildScriptCaches (96ms)
			SetupLoadedEditorAssemblies (1496ms)
				LogAssemblyErrors (0ms)
				InitializePlatformSupportModulesInManaged (10ms)
				SetLoadedEditorAssemblies (0ms)
				RefreshPlugins (63ms)
				BeforeProcessingInitializeOnLoad (66ms)
				ProcessInitializeOnLoadAttributes (1250ms)
				ProcessInitializeOnLoadMethodAttributes (105ms)
				AfterProcessingInitializeOnLoad (2ms)
				EditorAssembliesLoaded (0ms)
			ExecutionOrderSort2 (0ms)
			AwakeInstancesAfterBackupRestoration (4ms)
Platform modules already initialized, skipping
========================================================================
Worker process is ready to serve import requests
Launching external process: /Applications/Unity/Hub/Editor/2021.2.7f1/Unity.app/Contents/Tools/UnityShaderCompiler
Launched and connected shader compiler UnityShaderCompiler after 0.06 seconds
Refreshing native plugins compatible for Editor in 0.62 ms, found 3 plugins.
Preloading 0 native plugins for Editor in 0.00 ms.
Unloading 3380 Unused Serialized files (Serialized files now loaded: 0)
Unloading 46 unused Assets / (43.9 KB). Loaded Objects now: 3896.
Memory consumption went from 268.2 MB to 268.2 MB.
Total: 26.595546 ms (FindLiveObjects: 0.265151 ms CreateObjectMapping: 0.175559 ms MarkObjects: 26.060259 ms  DeleteObjects: 0.093202 ms)

AssetImportParameters requested are different than current active one (requested -> active):
  custom:video-decoder-ogg-theora: a1e56fd34408186e4bbccfd4996cb3dc -> 
  custom:container-muxer-webm: aa71ff27fc2769a1b78a27578f13a17b -> 
  custom:container-demuxer-webm: 4f35f7cbe854078d1ac9338744f61a02 -> 
  custom:video-encoder-webm-vp8: eb34c28f22e8b96e1ab97ce403110664 -> 
  custom:framework-osx-AVFoundation: e770b220cccbd017edd2c1fefb359320 -> 
  custom:audio-encoder-webm-vorbis: bf7c407c2cedff20999df2af8eb42d56 -> 
  custom:container-demuxer-ogg: 62fdf1f143b41e24485cea50d1cbac27 -> 
  custom:video-decoder-webm-vp8: 9c59270c3fd7afecdb556c50c9e8de78 -> 
  custom:audio-decoder-ogg-vorbis: bf7c407c2cedff20999df2af8eb42d56 -> 
========================================================================
Received Import Request.
  Time since last request: 41532.249406 seconds.
  path: Assets/Resources/Sprites/_Shapes&Icons/Stop.png
  artifactKey: Guid(8a67fac2d706f4f2ba18eeceae21bc89) Importer(815301076,1909f56bfc062723c751e8b465ee728b)
Start importing Assets/Resources/Sprites/_Shapes&Icons/Stop.png using Guid(8a67fac2d706f4f2ba18eeceae21bc89) Importer(815301076,1909f56bfc062723c751e8b465ee728b)  -> (artifact id: 'b52d1123cc3967a54e7e1e3ee2996490') in 0.250643 seconds 
========================================================================
Received Import Request.
  Time since last request: 0.000117 seconds.
  path: Assets/Plugins/Pixel Crushers/Dialogue System/Prefabs/Art/Textures/UnityUI/Unity - Button.psd
  artifactKey: Guid(9f2cdc43fe2d20e42812c545cb67b99e) Importer(815301076,1909f56bfc062723c751e8b465ee728b)
Start importing Assets/Plugins/Pixel Crushers/Dialogue System/Prefabs/Art/Textures/UnityUI/Unity - Button.psd using Guid(9f2cdc43fe2d20e42812c545cb67b99e) Importer(815301076,1909f56bfc062723c751e8b465ee728b)  -> (artifact id: 'a2ab82e8b411bbed6789646778eb999c') in 0.216401 seconds 
========================================================================
Received Import Request.
  Time since last request: 0.000098 seconds.
  path: Assets/Plugins/Pixel Crushers/Dialogue System/Prefabs/Art/Textures/UnityUI/Unity - Check Mark.psd
  artifactKey: Guid(23dc4f9bfdcb0984995e1a58909e85d2) Importer(815301076,1909f56bfc062723c751e8b465ee728b)
Start importing Assets/Plugins/Pixel Crushers/Dialogue System/Prefabs/Art/Textures/UnityUI/Unity - Check Mark.psd using Guid(23dc4f9bfdcb0984995e1a58909e85d2) Importer(815301076,1909f56bfc062723c751e8b465ee728b)  -> (artifact id: 'f43b6874d99135be78fb3faae310cd12') in 0.010381 seconds 
========================================================================
Received Import Request.
  Time since last request: 0.000064 seconds.
  path: Assets/Plugins/Pixel Crushers/Dialogue System/Prefabs/Art/Textures/Mobile/WindowBackground.png
  artifactKey: Guid(f834413531a709c4f9a4714b418dc7fc) Importer(815301076,1909f56bfc062723c751e8b465ee728b)
Start importing Assets/Plugins/Pixel Crushers/Dialogue System/Prefabs/Art/Textures/Mobile/WindowBackground.png using Guid(f834413531a709c4f9a4714b418dc7fc) Importer(815301076,1909f56bfc062723c751e8b465ee728b)  -> (artifact id: 'b39c7958b46f611039a6e7fe135bec27') in 0.080659 seconds 
========================================================================
Received Import Request.
  Time since last request: 0.000077 seconds.
  path: Assets/Resources/Sprites/_Shapes&Icons/UI_Cursor.png
  artifactKey: Guid(20346294406e64f549fc370c50dee1a5) Importer(815301076,1909f56bfc062723c751e8b465ee728b)
Start importing Assets/Resources/Sprites/_Shapes&Icons/UI_Cursor.png using Guid(20346294406e64f549fc370c50dee1a5) Importer(815301076,1909f56bfc062723c751e8b465ee728b)  -> (artifact id: '5fddc871b9d457cf399e3531b185bbac') in 0.011074 seconds 
========================================================================
Received Import Request.
  Time since last request: 0.000150 seconds.
  path: Assets/Plugins/Pixel Crushers/Dialogue System/Prefabs/Art/Textures/UnityUI/Unity - Selection.psd
  artifactKey: Guid(754be300c958e2a4d85b275305904feb) Importer(815301076,1909f56bfc062723c751e8b465ee728b)
Start importing Assets/Plugins/Pixel Crushers/Dialogue System/Prefabs/Art/Textures/UnityUI/Unity - Selection.psd using Guid(754be300c958e2a4d85b275305904feb) Importer(815301076,1909f56bfc062723c751e8b465ee728b)  -> (artifact id: '07ca92721fd884cf994f364e195bc06c') in 0.009473 seconds 
========================================================================
Received Import Request.
  Time since last request: 0.000103 seconds.
  path: Assets/Plugins/Pixel Crushers/Dialogue System/Prefabs/Art/Textures/JRPG/WindowFrame.png
  artifactKey: Guid(bf00944c2f6c305429bd5a28ab01b56a) Importer(815301076,1909f56bfc062723c751e8b465ee728b)
Start importing Assets/Plugins/Pixel Crushers/Dialogue System/Prefabs/Art/Textures/JRPG/WindowFrame.png using Guid(bf00944c2f6c305429bd5a28ab01b56a) Importer(815301076,1909f56bfc062723c751e8b465ee728b)  -> (artifact id: '94caebb4a185b011d81881e8d0a3a2db') in 0.010840 seconds 
========================================================================
Received Import Request.
  Time since last request: 0.000102 seconds.
  path: Assets/Plugins/Pixel Crushers/Dialogue System/Prefabs/Art/Textures/JRPG/Test Portrait Sprite.png
  artifactKey: Guid(deeae33315027e045bf104c3f198179d) Importer(815301076,1909f56bfc062723c751e8b465ee728b)
Start importing Assets/Plugins/Pixel Crushers/Dialogue System/Prefabs/Art/Textures/JRPG/Test Portrait Sprite.png using Guid(deeae33315027e045bf104c3f198179d) Importer(815301076,1909f56bfc062723c751e8b465ee728b)  -> (artifact id: '837e900ffd341c701754318caea95598') in 0.015819 seconds 
========================================================================
Received Import Request.
  Time since last request: 0.000114 seconds.
  path: Assets/Plugins/Pixel Crushers/Dialogue System/Prefabs/Art/Textures/Basic/transparent.png
  artifactKey: Guid(925987cee7ceb6944bc905eb0e753585) Importer(815301076,1909f56bfc062723c751e8b465ee728b)
Start importing Assets/Plugins/Pixel Crushers/Dialogue System/Prefabs/Art/Textures/Basic/transparent.png using Guid(925987cee7ceb6944bc905eb0e753585) Importer(815301076,1909f56bfc062723c751e8b465ee728b)  -> (artifact id: '75cb7f8407a57d6ffc7256d2658ad0f8') in 0.012513 seconds 
========================================================================
Received Import Request.
  Time since last request: 0.000102 seconds.
  path: Assets/Plugins/Pixel Crushers/Dialogue System/Prefabs/Art/Textures/UnityUI/Unity - Flat.psd
  artifactKey: Guid(6032fec9cfb93ec479cebc2a3190fa71) Importer(815301076,1909f56bfc062723c751e8b465ee728b)
Start importing Assets/Plugins/Pixel Crushers/Dialogue System/Prefabs/Art/Textures/UnityUI/Unity - Flat.psd using Guid(6032fec9cfb93ec479cebc2a3190fa71) Importer(815301076,1909f56bfc062723c751e8b465ee728b)  -> (artifact id: '1c39d261ded06a664779175c90f909be') in 0.009364 seconds 
========================================================================
Received Import Request.
  Time since last request: 0.000094 seconds.
  path: Assets/Plugins/Pixel Crushers/Dialogue System/Prefabs/Art/Textures/UnityUI/Unity - Edges.psd
  artifactKey: Guid(4de85c90bbe61ed4bb3d67de9ab26f64) Importer(815301076,1909f56bfc062723c751e8b465ee728b)
Start importing Assets/Plugins/Pixel Crushers/Dialogue System/Prefabs/Art/Textures/UnityUI/Unity - Edges.psd using Guid(4de85c90bbe61ed4bb3d67de9ab26f64) Importer(815301076,1909f56bfc062723c751e8b465ee728b)  -> (artifact id: '70be3f84891e243c9da832b4d8175291') in 0.010198 seconds 
========================================================================
Received Import Request.
  Time since last request: 0.000076 seconds.
  path: Assets/Resources/Sprites/_Shapes&Icons/Triangle.png
  artifactKey: Guid(8b7946f0e5cbf420b9163bae846ede52) Importer(815301076,1909f56bfc062723c751e8b465ee728b)
Start importing Assets/Resources/Sprites/_Shapes&Icons/Triangle.png using Guid(8b7946f0e5cbf420b9163bae846ede52) Importer(815301076,1909f56bfc062723c751e8b465ee728b)  -> (artifact id: '214f39dee8337e0c279a5faec5fc02f3') in 0.011192 seconds 
========================================================================
Received Import Request.
  Time since last request: 9.885280 seconds.
  path: Assets/Plugins/Pixel Crushers/Dialogue System/Prefabs/Art/Textures/SMS/SMS Bubble Flipped.png
  artifactKey: Guid(0acb8ceeef876a74aab8325fe84c13d6) Importer(815301076,1909f56bfc062723c751e8b465ee728b)
Start importing Assets/Plugins/Pixel Crushers/Dialogue System/Prefabs/Art/Textures/SMS/SMS Bubble Flipped.png using Guid(0acb8ceeef876a74aab8325fe84c13d6) Importer(815301076,1909f56bfc062723c751e8b465ee728b)  -> (artifact id: 'd2ac8046a061b670f9ef450e60ce3ab3') in 0.013404 seconds 
========================================================================
Received Import Request.
  Time since last request: 0.000084 seconds.
  path: Assets/Resources/Sprites/_Shapes&Icons/Square.png
  artifactKey: Guid(44c40cbf2768b4cbf97ec21f0010be11) Importer(815301076,1909f56bfc062723c751e8b465ee728b)
Start importing Assets/Resources/Sprites/_Shapes&Icons/Square.png using Guid(44c40cbf2768b4cbf97ec21f0010be11) Importer(815301076,1909f56bfc062723c751e8b465ee728b)  -> (artifact id: '7865d3e037b21434348da1f216eaa8d0') in 0.031120 seconds 
========================================================================
Received Import Request.
  Time since last request: 0.195156 seconds.
  path: Assets/Plugins/Pixel Crushers/Dialogue System/Prefabs/Art/Textures/Sci-fi/shaded_butt_pressed.png
  artifactKey: Guid(7eabf328e5ad3944787e3543af874724) Importer(815301076,1909f56bfc062723c751e8b465ee728b)
Start importing Assets/Plugins/Pixel Crushers/Dialogue System/Prefabs/Art/Textures/Sci-fi/shaded_butt_pressed.png using Guid(7eabf328e5ad3944787e3543af874724) Importer(815301076,1909f56bfc062723c751e8b465ee728b)  -> (artifact id: 'c1022e370e02fca8fa2a51008b85fa13') in 0.012800 seconds 
========================================================================
Received Import Request.
  Time since last request: 0.000061 seconds.
  path: Assets/Plugins/Pixel Crushers/Dialogue System/Prefabs/Art/Textures/Sci-fi/Simple_butt_pressed.png
  artifactKey: Guid(3259cc77a00ca1c429b3638015f4645d) Importer(815301076,1909f56bfc062723c751e8b465ee728b)
Start importing Assets/Plugins/Pixel Crushers/Dialogue System/Prefabs/Art/Textures/Sci-fi/Simple_butt_pressed.png using Guid(3259cc77a00ca1c429b3638015f4645d) Importer(815301076,1909f56bfc062723c751e8b465ee728b)  -> (artifact id: 'e20ab7ebc9d35d4bd53731caeda8dee7') in 0.012467 seconds 
========================================================================
Received Import Request.
  Time since last request: 0.224232 seconds.
  path: Assets/Plugins/Pixel Crushers/Dialogue System/Prefabs/Art/Textures/Runic/ScrollButtonHighlighted.png
  artifactKey: Guid(37df733a277b8aa478484d53e57209e8) Importer(815301076,1909f56bfc062723c751e8b465ee728b)
Start importing Assets/Plugins/Pixel Crushers/Dialogue System/Prefabs/Art/Textures/Runic/ScrollButtonHighlighted.png using Guid(37df733a277b8aa478484d53e57209e8) Importer(815301076,1909f56bfc062723c751e8b465ee728b)  -> (artifact id: 'aeb85dba0311cbec4d65ad973eb72bd5') in 0.017344 seconds 
========================================================================
Received Import Request.
  Time since last request: 0.000085 seconds.
  path: Assets/Plugins/Pixel Crushers/Dialogue System/Prefabs/Art/Textures/UnityUI/SF Title.psd
  artifactKey: Guid(966be606197166640a108ef53355eddf) Importer(815301076,1909f56bfc062723c751e8b465ee728b)
Start importing Assets/Plugins/Pixel Crushers/Dialogue System/Prefabs/Art/Textures/UnityUI/SF Title.psd using Guid(966be606197166640a108ef53355eddf) Importer(815301076,1909f56bfc062723c751e8b465ee728b)  -> (artifact id: 'c6972dc26eccd8da85b512bcac475bc5') in 0.014098 seconds 
========================================================================
Received Import Request.
  Time since last request: 0.773613 seconds.
  path: Assets/Plugins/Pixel Crushers/Dialogue System/Prefabs/Art/Textures/Runic/ScrollButton.png
  artifactKey: Guid(7eb1f74ad1ec5994aa6ab6604c169cfe) Importer(815301076,1909f56bfc062723c751e8b465ee728b)
Start importing Assets/Plugins/Pixel Crushers/Dialogue System/Prefabs/Art/Textures/Runic/ScrollButton.png using Guid(7eb1f74ad1ec5994aa6ab6604c169cfe) Importer(815301076,1909f56bfc062723c751e8b465ee728b)  -> (artifact id: '9a59b3e6401d0fca4a04ec9825112c95') in 0.020057 seconds 
========================================================================
Received Import Request.
  Time since last request: 2.222178 seconds.
  path: Assets/Resources/Sprites/_Shapes&Icons/RectangleFill.png
  artifactKey: Guid(0aa5ee75897414841a8b2634450c4456) Importer(815301076,1909f56bfc062723c751e8b465ee728b)
Start importing Assets/Resources/Sprites/_Shapes&Icons/RectangleFill.png using Guid(0aa5ee75897414841a8b2634450c4456) Importer(815301076,1909f56bfc062723c751e8b465ee728b)  -> (artifact id: '60dba390550d893fbbda1523219d4430') in 0.012821 seconds 
========================================================================
Received Import Request.
  Time since last request: 0.000072 seconds.
  path: Assets/Resources/Sprites/_Shapes&Icons/RoundedRectFill.png
  artifactKey: Guid(30625f49c35da48f0a61fa4bef6a4849) Importer(815301076,1909f56bfc062723c751e8b465ee728b)
Start importing Assets/Resources/Sprites/_Shapes&Icons/RoundedRectFill.png using Guid(30625f49c35da48f0a61fa4bef6a4849) Importer(815301076,1909f56bfc062723c751e8b465ee728b)  -> (artifact id: '3a072a74a5414709798a59c549ddd15c') in 0.016455 seconds 
========================================================================
Received Import Request.
  Time since last request: 1.091803 seconds.
  path: Assets/Resources/Sprites/_Shapes&Icons/Pause.png
  artifactKey: Guid(bf66253f5a7524c6187e66e60f5fd4aa) Importer(815301076,1909f56bfc062723c751e8b465ee728b)
Start importing Assets/Resources/Sprites/_Shapes&Icons/Pause.png using Guid(bf66253f5a7524c6187e66e60f5fd4aa) Importer(815301076,1909f56bfc062723c751e8b465ee728b)  -> (artifact id: '34b561dd92d131e6386826c8b6778634') in 0.020205 seconds 
========================================================================
Received Import Request.
  Time since last request: 0.000075 seconds.
  path: Assets/Resources/Sprites/_Shapes&Icons/PentagonFill.png
  artifactKey: Guid(d1c606cb3bfbd454b9f60d1e48687c60) Importer(815301076,1909f56bfc062723c751e8b465ee728b)
Start importing Assets/Resources/Sprites/_Shapes&Icons/PentagonFill.png using Guid(d1c606cb3bfbd454b9f60d1e48687c60) Importer(815301076,1909f56bfc062723c751e8b465ee728b)  -> (artifact id: 'c17af4942cf5ffb1414b5b6a3b2fe379') in 0.016308 seconds 
========================================================================
Received Import Request.
  Time since last request: 0.131631 seconds.
  path: Assets/Plugins/Pixel Crushers/Dialogue System/Prefabs/Art/Textures/Nuke/Nuke Button Sprite.png
  artifactKey: Guid(d3beb7074a81c964b8aeaa539ea63ab3) Importer(815301076,1909f56bfc062723c751e8b465ee728b)
Start importing Assets/Plugins/Pixel Crushers/Dialogue System/Prefabs/Art/Textures/Nuke/Nuke Button Sprite.png using Guid(d3beb7074a81c964b8aeaa539ea63ab3) Importer(815301076,1909f56bfc062723c751e8b465ee728b)  -> (artifact id: 'c52366e596ebce9a29d6c8c1bdf834d8') in 0.011213 seconds 
========================================================================
Received Import Request.
  Time since last request: 0.000091 seconds.
  path: Assets/Plugins/Pixel Crushers/Dialogue System/Prefabs/Art/Textures/Nuke/Nuke Panel Sprite.png
  artifactKey: Guid(d84c891b96aa96f4aab42c18cd7e2d09) Importer(815301076,1909f56bfc062723c751e8b465ee728b)
Start importing Assets/Plugins/Pixel Crushers/Dialogue System/Prefabs/Art/Textures/Nuke/Nuke Panel Sprite.png using Guid(d84c891b96aa96f4aab42c18cd7e2d09) Importer(815301076,1909f56bfc062723c751e8b465ee728b)  -> (artifact id: 'a85041f1782a2754015710b1bc6d2d19') in 0.013673 seconds 
========================================================================
Received Import Request.
  Time since last request: 0.963603 seconds.
  path: Assets/Resources/Sprites/_Shapes&Icons/InfoIcon.png
  artifactKey: Guid(067cba31f557d4f709ad25fc9779820c) Importer(815301076,1909f56bfc062723c751e8b465ee728b)
Start importing Assets/Resources/Sprites/_Shapes&Icons/InfoIcon.png using Guid(067cba31f557d4f709ad25fc9779820c) Importer(815301076,1909f56bfc062723c751e8b465ee728b)  -> (artifact id: 'e24597a4218452f725a55b415f8234ea') in 0.042466 seconds 
========================================================================
Received Import Request.
  Time since last request: 0.536782 seconds.
  path: Assets/DOTween/Editor/Imgs/Header.jpg
  artifactKey: Guid(d4ef3de7ba2644a259248b80966c2217) Importer(815301076,1909f56bfc062723c751e8b465ee728b)
Start importing Assets/DOTween/Editor/Imgs/Header.jpg using Guid(d4ef3de7ba2644a259248b80966c2217) Importer(815301076,1909f56bfc062723c751e8b465ee728b)  -> (artifact id: '9804952c2d364672a9e6ce5ef8325d1a') in 1.077272 seconds 
========================================================================
Received Import Request.
  Time since last request: 0.513613 seconds.
  path: Assets/Resources/Sprites/_Shapes&Icons/CircleFill.png
  artifactKey: Guid(757c43f142640492cb525e5f456cd902) Importer(815301076,1909f56bfc062723c751e8b465ee728b)
Start importing Assets/Resources/Sprites/_Shapes&Icons/CircleFill.png using Guid(757c43f142640492cb525e5f456cd902) Importer(815301076,1909f56bfc062723c751e8b465ee728b)  -> (artifact id: '47e9e33b1848bd497df8302a93142118') in 0.013014 seconds 
========================================================================
Received Import Request.
  Time since last request: 0.000083 seconds.
  path: Assets/Resources/Sprites/_Shapes&Icons/Cross.png
  artifactKey: Guid(71ae849bc309f4c04b619f95f6994331) Importer(815301076,1909f56bfc062723c751e8b465ee728b)
Start importing Assets/Resources/Sprites/_Shapes&Icons/Cross.png using Guid(71ae849bc309f4c04b619f95f6994331) Importer(815301076,1909f56bfc062723c751e8b465ee728b)  -> (artifact id: '0c6c317ffa7064682c029873f35401a6') in 0.011983 seconds 
========================================================================
Received Import Request.
  Time since last request: 15.430333 seconds.
  path: Assets/Plugins/Pixel Crushers/Dialogue System/Prefabs/Art/Textures/Circle/Circle Button.png
  artifactKey: Guid(f61c7c83e8568ae40874cb15b727ea65) Importer(815301076,1909f56bfc062723c751e8b465ee728b)
Start importing Assets/Plugins/Pixel Crushers/Dialogue System/Prefabs/Art/Textures/Circle/Circle Button.png using Guid(f61c7c83e8568ae40874cb15b727ea65) Importer(815301076,1909f56bfc062723c751e8b465ee728b)  -> (artifact id: 'f3648d1f7dbae36badc55fa446403ba3') in 0.013490 seconds 
========================================================================
Received Import Request.
  Time since last request: 0.000072 seconds.
  path: Assets/Plugins/Pixel Crushers/Dialogue System/Prefabs/Art/Textures/Circle/Circle Portrait.png
  artifactKey: Guid(7ae9d2c635ae1274091b08b9b24d09cb) Importer(815301076,1909f56bfc062723c751e8b465ee728b)
Start importing Assets/Plugins/Pixel Crushers/Dialogue System/Prefabs/Art/Textures/Circle/Circle Portrait.png using Guid(7ae9d2c635ae1274091b08b9b24d09cb) Importer(815301076,1909f56bfc062723c751e8b465ee728b)  -> (artifact id: '3123c0be002ed9e0b0e1e3be6b0c4e0d') in 0.012812 seconds 
========================================================================
Received Import Request.
  Time since last request: 0.175323 seconds.
  path: Assets/Plugins/Pixel Crushers/Dialogue System/Prefabs/Art/Textures/Runic/ButtonPressed.png
  artifactKey: Guid(ef3f2a31b9a076f4aa72faf842faf425) Importer(815301076,1909f56bfc062723c751e8b465ee728b)
Start importing Assets/Plugins/Pixel Crushers/Dialogue System/Prefabs/Art/Textures/Runic/ButtonPressed.png using Guid(ef3f2a31b9a076f4aa72faf842faf425) Importer(815301076,1909f56bfc062723c751e8b465ee728b)  -> (artifact id: '9c1e364f4ef309a12362f12f71314492') in 0.025551 seconds 
========================================================================
Received Import Request.
  Time since last request: 0.000097 seconds.
  path: Assets/Resources/Sprites/_Shapes&Icons/check.png
  artifactKey: Guid(17925d6f33a754850933efde6499b88d) Importer(815301076,1909f56bfc062723c751e8b465ee728b)
Start importing Assets/Resources/Sprites/_Shapes&Icons/check.png using Guid(17925d6f33a754850933efde6499b88d) Importer(815301076,1909f56bfc062723c751e8b465ee728b)  -> (artifact id: '621974ea0a2ac4adef5cc112126c26ea') in 0.013871 seconds 
========================================================================
Received Import Request.
  Time since last request: 0.320749 seconds.
  path: Assets/Plugins/Pixel Crushers/Dialogue System/Prefabs/Art/Textures/Bubble/Bubble.png
  artifactKey: Guid(b7f09c3867e11ae4cb69aeb93463acd6) Importer(815301076,1909f56bfc062723c751e8b465ee728b)
Start importing Assets/Plugins/Pixel Crushers/Dialogue System/Prefabs/Art/Textures/Bubble/Bubble.png using Guid(b7f09c3867e11ae4cb69aeb93463acd6) Importer(815301076,1909f56bfc062723c751e8b465ee728b)  -> (artifact id: '6ef1722b47524458fe53622ceca0f1c5') in 0.014318 seconds 
========================================================================
Received Import Request.
  Time since last request: 0.171986 seconds.
  path: Assets/Plugins/Pixel Crushers/Dialogue System/Prefabs/Art/Textures/Wheel/btn6_normal.png
  artifactKey: Guid(dd04b2931b2d1114aab1360bfee69ea4) Importer(815301076,1909f56bfc062723c751e8b465ee728b)
Start importing Assets/Plugins/Pixel Crushers/Dialogue System/Prefabs/Art/Textures/Wheel/btn6_normal.png using Guid(dd04b2931b2d1114aab1360bfee69ea4) Importer(815301076,1909f56bfc062723c751e8b465ee728b)  -> (artifact id: 'abde6ba852ae679318e938f52189c0af') in 0.014178 seconds 
========================================================================
Received Import Request.
  Time since last request: 0.000115 seconds.
  path: Assets/Plugins/Pixel Crushers/Dialogue System/Prefabs/Art/Textures/Wheel/btn_hover_splice.png
  artifactKey: Guid(4f82e85a6dad7a4419b8c2a63f81739d) Importer(815301076,1909f56bfc062723c751e8b465ee728b)
Start importing Assets/Plugins/Pixel Crushers/Dialogue System/Prefabs/Art/Textures/Wheel/btn_hover_splice.png using Guid(4f82e85a6dad7a4419b8c2a63f81739d) Importer(815301076,1909f56bfc062723c751e8b465ee728b)  -> (artifact id: '58cdfa44d4eefa2e5c53313551fe00e0') in 0.012284 seconds 
========================================================================
Received Import Request.
  Time since last request: 0.412719 seconds.
  path: Assets/Plugins/Pixel Crushers/Dialogue System/Prefabs/Art/Textures/Wheel/btn4_pressed.png
  artifactKey: Guid(fd1b4e8ad597d9b45b14d313eced9cb1) Importer(815301076,1909f56bfc062723c751e8b465ee728b)
Start importing Assets/Plugins/Pixel Crushers/Dialogue System/Prefabs/Art/Textures/Wheel/btn4_pressed.png using Guid(fd1b4e8ad597d9b45b14d313eced9cb1) Importer(815301076,1909f56bfc062723c751e8b465ee728b)  -> (artifact id: 'b2777b484254868437b9a419de678e9b') in 0.015360 seconds 
========================================================================
Received Import Request.
  Time since last request: 0.132912 seconds.
  path: Assets/Plugins/Pixel Crushers/Dialogue System/Prefabs/Art/Textures/Wheel/btn3_hover.png
  artifactKey: Guid(690f7358743df3f4595ba0342dd86e8e) Importer(815301076,1909f56bfc062723c751e8b465ee728b)
Start importing Assets/Plugins/Pixel Crushers/Dialogue System/Prefabs/Art/Textures/Wheel/btn3_hover.png using Guid(690f7358743df3f4595ba0342dd86e8e) Importer(815301076,1909f56bfc062723c751e8b465ee728b)  -> (artifact id: 'aebc11c7fb769cfdb370521944db1585') in 0.014670 seconds 
========================================================================
Received Import Request.
  Time since last request: 0.281455 seconds.
  path: Assets/Plugins/Pixel Crushers/Dialogue System/Prefabs/Art/Textures/Wheel/btn1_normal.png
  artifactKey: Guid(cfe6b8c2bc51dd84d9c21cd4ff468e13) Importer(815301076,1909f56bfc062723c751e8b465ee728b)
Start importing Assets/Plugins/Pixel Crushers/Dialogue System/Prefabs/Art/Textures/Wheel/btn1_normal.png using Guid(cfe6b8c2bc51dd84d9c21cd4ff468e13) Importer(815301076,1909f56bfc062723c751e8b465ee728b)  -> (artifact id: 'ca8f49109824ab511e4f1d9fb6272e59') in 0.013625 seconds 
========================================================================
Received Import Request.
  Time since last request: 0.000091 seconds.
  path: Assets/Plugins/Pixel Crushers/Dialogue System/Prefabs/Art/Textures/Wheel/btn1_pressed.png
  artifactKey: Guid(afe564cd16103044697441a95757b74d) Importer(815301076,1909f56bfc062723c751e8b465ee728b)
Start importing Assets/Plugins/Pixel Crushers/Dialogue System/Prefabs/Art/Textures/Wheel/btn1_pressed.png using Guid(afe564cd16103044697441a95757b74d) Importer(815301076,1909f56bfc062723c751e8b465ee728b)  -> (artifact id: 'e3abe0773ff5172374b88bc868b626d1') in 0.014698 seconds 
========================================================================
Received Import Request.
  Time since last request: 0.104407 seconds.
  path: Assets/Resources/Sprites/_Shapes&Icons/BackIcon.png
  artifactKey: Guid(ad295f21d202b4b418ad50859b82b54e) Importer(815301076,1909f56bfc062723c751e8b465ee728b)
Start importing Assets/Resources/Sprites/_Shapes&Icons/BackIcon.png using Guid(ad295f21d202b4b418ad50859b82b54e) Importer(815301076,1909f56bfc062723c751e8b465ee728b)  -> (artifact id: '29f4ddc3b586b36c292f7447dc4d4687') in 0.036664 seconds 
========================================================================
Received Prepare
Registering precompiled user dll's ...
Registered in 0.005249 seconds.
Begin MonoManager ReloadAssembly
Native extension for WindowsStandalone target not found
Native extension for OSXStandalone target not found
Native extension for WebGL target not found
Refreshing native plugins compatible for Editor in 0.68 ms, found 3 plugins.
Preloading 0 native plugins for Editor in 0.00 ms.
Mono: successfully reloaded assembly
- Completed reload, in  2.163 seconds
Domain Reload Profiling:
	ReloadAssembly (2164ms)
		BeginReloadAssembly (141ms)
			ExecutionOrderSort (0ms)
			DisableScriptedObjects (8ms)
			BackupInstance (0ms)
			ReleaseScriptingObjects (0ms)
			CreateAndSetChildDomain (61ms)
		EndReloadAssembly (1914ms)
			LoadAssemblies (62ms)
			RebuildTransferFunctionScriptingTraits (0ms)
			SetupTypeCache (295ms)
			ReleaseScriptCaches (2ms)
			RebuildScriptCaches (105ms)
			SetupLoadedEditorAssemblies (1347ms)
				LogAssemblyErrors (0ms)
				InitializePlatformSupportModulesInManaged (13ms)
				SetLoadedEditorAssemblies (1ms)
				RefreshPlugins (1ms)
				BeforeProcessingInitializeOnLoad (73ms)
				ProcessInitializeOnLoadAttributes (1160ms)
				ProcessInitializeOnLoadMethodAttributes (98ms)
				AfterProcessingInitializeOnLoad (2ms)
				EditorAssembliesLoaded (0ms)
			ExecutionOrderSort2 (0ms)
			AwakeInstancesAfterBackupRestoration (18ms)
Platform modules already initialized, skipping
Refreshing native plugins compatible for Editor in 0.71 ms, found 3 plugins.
Preloading 0 native plugins for Editor in 0.00 ms.
Unloading 3400 Unused Serialized files (Serialized files now loaded: 0)
Unloading 35 unused Assets / (23.1 KB). Loaded Objects now: 4589.
Memory consumption went from 313.9 MB to 313.8 MB.
Total: 27.789802 ms (FindLiveObjects: 0.342844 ms CreateObjectMapping: 0.235825 ms MarkObjects: 27.181563 ms  DeleteObjects: 0.028413 ms)

AssetImportParameters requested are different than current active one (requested -> active):
  custom:video-decoder-ogg-theora: a1e56fd34408186e4bbccfd4996cb3dc -> 
  custom:container-muxer-webm: aa71ff27fc2769a1b78a27578f13a17b -> 
  custom:container-demuxer-webm: 4f35f7cbe854078d1ac9338744f61a02 -> 
  custom:video-encoder-webm-vp8: eb34c28f22e8b96e1ab97ce403110664 -> 
  custom:framework-osx-AVFoundation: e770b220cccbd017edd2c1fefb359320 -> 
  custom:audio-encoder-webm-vorbis: bf7c407c2cedff20999df2af8eb42d56 -> 
  custom:container-demuxer-ogg: 62fdf1f143b41e24485cea50d1cbac27 -> 
  custom:video-decoder-webm-vp8: 9c59270c3fd7afecdb556c50c9e8de78 -> 
  custom:audio-decoder-ogg-vorbis: bf7c407c2cedff20999df2af8eb42d56 -> 
========================================================================
Received Import Request.
  Time since last request: 343.441390 seconds.
  path: Assets/TextMesh Pro/Resources/Fonts & Materials/LiberationSans SDF.asset
  artifactKey: Guid(8f586378b4e144a9851e7b34d9b748ee) Importer(815301076,1909f56bfc062723c751e8b465ee728b)
Start importing Assets/TextMesh Pro/Resources/Fonts & Materials/LiberationSans SDF.asset using Guid(8f586378b4e144a9851e7b34d9b748ee) Importer(815301076,1909f56bfc062723c751e8b465ee728b)  -> (artifact id: 'fd809be51fdf69db831fba1ed1b87566') in 0.369658 seconds 
========================================================================
Received Import Request.
  Time since last request: 295.047011 seconds.
  path: Assets/TextMesh Pro/Resources/Fonts & Materials/LiberationSans SDF - Outline.mat
  artifactKey: Guid(79459efec17a4d00a321bdcc27bbc385) Importer(815301076,1909f56bfc062723c751e8b465ee728b)
Start importing Assets/TextMesh Pro/Resources/Fonts & Materials/LiberationSans SDF - Outline.mat using Guid(79459efec17a4d00a321bdcc27bbc385) Importer(815301076,1909f56bfc062723c751e8b465ee728b)  -> (artifact id: '396f90009e5da483605794e9125c3f39') in 0.239572 seconds 
========================================================================
Received Import Request.
  Time since last request: 0.000119 seconds.
  path: Assets/TextMesh Pro/Resources/Fonts & Materials/LiberationSans SDF.mat
  artifactKey: Guid(0284e6a6e35470b438bbc6a0e6f99818) Importer(815301076,1909f56bfc062723c751e8b465ee728b)
Start importing Assets/TextMesh Pro/Resources/Fonts & Materials/LiberationSans SDF.mat using Guid(0284e6a6e35470b438bbc6a0e6f99818) Importer(815301076,1909f56bfc062723c751e8b465ee728b)  -> (artifact id: '3450dcf8dc8c29b3df2296ca5895d747') in 0.052392 seconds 
========================================================================
Received Import Request.
  Time since last request: 5042.590285 seconds.
  path: Assets/Plugins/Pixel Crushers/Dialogue System/Demo/Art/Scifi Environment/Textures/Pipe_electricBox_ts_Diff.png
  artifactKey: Guid(e2e245c7e87f2e34a99c3bbcf5687ede) Importer(815301076,1909f56bfc062723c751e8b465ee728b)
Start importing Assets/Plugins/Pixel Crushers/Dialogue System/Demo/Art/Scifi Environment/Textures/Pipe_electricBox_ts_Diff.png using Guid(e2e245c7e87f2e34a99c3bbcf5687ede) Importer(815301076,1909f56bfc062723c751e8b465ee728b)  -> (artifact id: 'fc2763187c7d8d50825ece4247d4ab2d') in 0.014342 seconds 
========================================================================
Received Import Request.
  Time since last request: 0.000073 seconds.
  path: Assets/Plugins/Pixel Crushers/Dialogue System/Demo/Art/Recon Troop/Textures/ReconTroopHelmet512x512_Red.png
  artifactKey: Guid(9c4bc49969d983c408ad53891bef5253) Importer(815301076,1909f56bfc062723c751e8b465ee728b)
Start importing Assets/Plugins/Pixel Crushers/Dialogue System/Demo/Art/Recon Troop/Textures/ReconTroopHelmet512x512_Red.png using Guid(9c4bc49969d983c408ad53891bef5253) Importer(815301076,1909f56bfc062723c751e8b465ee728b)  -> (artifact id: '6b702c173a8fa34e5ff8387704e1f1e5') in 0.011154 seconds 
========================================================================
Received Import Request.
  Time since last request: 0.000074 seconds.
  path: Assets/Editor Default Resources/Dialogue System/Resize.png
  artifactKey: Guid(018dc0a4dc45ff14eb2b84d0c6f4e3f7) Importer(815301076,1909f56bfc062723c751e8b465ee728b)
Start importing Assets/Editor Default Resources/Dialogue System/Resize.png using Guid(018dc0a4dc45ff14eb2b84d0c6f4e3f7) Importer(815301076,1909f56bfc062723c751e8b465ee728b)  -> (artifact id: '0001cab7b0b10ae3a2163ca1755bbdf4') in 0.008729 seconds 
========================================================================
Received Import Request.
  Time since last request: 0.000082 seconds.
  path: Assets/Plugins/Pixel Crushers/Dialogue System/Demo/Art/Recon Troop/ShaderMaps/ReconTroopHelmet_SPEC.png
  artifactKey: Guid(dc4febec6df821747a7ad80355ef92b0) Importer(815301076,1909f56bfc062723c751e8b465ee728b)
Start importing Assets/Plugins/Pixel Crushers/Dialogue System/Demo/Art/Recon Troop/ShaderMaps/ReconTroopHelmet_SPEC.png using Guid(dc4febec6df821747a7ad80355ef92b0) Importer(815301076,1909f56bfc062723c751e8b465ee728b)  -> (artifact id: '6a819ffbd66acb92f5881f274201c3c4') in 0.011381 seconds 
========================================================================
Received Import Request.
  Time since last request: 0.000083 seconds.
  path: Assets/Plugins/Pixel Crushers/Dialogue System/Demo/Art/Recon Troop/Textures/ReconTroopHelmet.png
  artifactKey: Guid(065e8646bef9bed48b5fad79551d1166) Importer(815301076,1909f56bfc062723c751e8b465ee728b)
Start importing Assets/Plugins/Pixel Crushers/Dialogue System/Demo/Art/Recon Troop/Textures/ReconTroopHelmet.png using Guid(065e8646bef9bed48b5fad79551d1166) Importer(815301076,1909f56bfc062723c751e8b465ee728b)  -> (artifact id: '246aba7476adc9ba80170c3d4fc7ade5') in 0.015802 seconds 
========================================================================
Received Import Request.
  Time since last request: 0.000070 seconds.
  path: Assets/Plugins/Pixel Crushers/Dialogue System/Prefabs/Art/Textures/Shared Textures/QTE 1 Evil.png
  artifactKey: Guid(2af0b3d0c6b321c43b9e73aeb637d776) Importer(815301076,1909f56bfc062723c751e8b465ee728b)
Start importing Assets/Plugins/Pixel Crushers/Dialogue System/Prefabs/Art/Textures/Shared Textures/QTE 1 Evil.png using Guid(2af0b3d0c6b321c43b9e73aeb637d776) Importer(815301076,1909f56bfc062723c751e8b465ee728b)  -> (artifact id: 'd73dc382904e61f6b531fe09905eb26e') in 0.008927 seconds 
========================================================================
Received Import Request.
  Time since last request: 0.000108 seconds.
  path: Assets/Plugins/Pixel Crushers/Dialogue System/Demo/Art/Recon Troop/ShaderMaps/ReconTroop_NRM.png
  artifactKey: Guid(e568b26774dde804c8237c942f5bfdc7) Importer(815301076,1909f56bfc062723c751e8b465ee728b)
Start importing Assets/Plugins/Pixel Crushers/Dialogue System/Demo/Art/Recon Troop/ShaderMaps/ReconTroop_NRM.png using Guid(e568b26774dde804c8237c942f5bfdc7) Importer(815301076,1909f56bfc062723c751e8b465ee728b)  -> (artifact id: 'aa3a15549a50a6e7c2695bcddd7769ef') in 0.100994 seconds 
========================================================================
Received Import Request.
  Time since last request: 2.309806 seconds.
  path: Assets/Plugins/Pixel Crushers/Dialogue System/Demo/Art/Scifi Environment/Room/LightmapNear-3.exr
  artifactKey: Guid(8cfd968ea38959e47ba4b8f56b45ecd8) Importer(815301076,1909f56bfc062723c751e8b465ee728b)
Start importing Assets/Plugins/Pixel Crushers/Dialogue System/Demo/Art/Scifi Environment/Room/LightmapNear-3.exr using Guid(8cfd968ea38959e47ba4b8f56b45ecd8) Importer(815301076,1909f56bfc062723c751e8b465ee728b)  -> (artifact id: 'e2eda1483816b4f4122c9df12f8372cc') in 1.238151 seconds 
========================================================================
Received Import Request.
  Time since last request: 0.000080 seconds.
  path: Assets/Plugins/Pixel Crushers/Dialogue System/Demo/Art/Scifi Environment/Room/LightmapNear-1.exr
  artifactKey: Guid(294fb33e6ff41544fae9f9ab01758571) Importer(815301076,1909f56bfc062723c751e8b465ee728b)
Start importing Assets/Plugins/Pixel Crushers/Dialogue System/Demo/Art/Scifi Environment/Room/LightmapNear-1.exr using Guid(294fb33e6ff41544fae9f9ab01758571) Importer(815301076,1909f56bfc062723c751e8b465ee728b)  -> (artifact id: '7a9d17041b5dc1d21ac8fb9834036f2c') in 0.015793 seconds 
========================================================================
Received Import Request.
  Time since last request: 0.000107 seconds.
  path: Assets/Plugins/Pixel Crushers/Dialogue System/Demo/Art/Scifi Environment/Room/LightmapFar-0.exr
  artifactKey: Guid(88432f2737ef6354585348728014b29e) Importer(815301076,1909f56bfc062723c751e8b465ee728b)
Start importing Assets/Plugins/Pixel Crushers/Dialogue System/Demo/Art/Scifi Environment/Room/LightmapFar-0.exr using Guid(88432f2737ef6354585348728014b29e) Importer(815301076,1909f56bfc062723c751e8b465ee728b)  -> (artifact id: 'ff833397445f7c529954782d617a9710') in 0.014805 seconds 
========================================================================
Received Import Request.
  Time since last request: 0.000106 seconds.
  path: Assets/Plugins/Pixel Crushers/Dialogue System/Demo/Art/Scifi Environment/Room/LightmapFar-1.exr
  artifactKey: Guid(c53c4b4b79706034fa3b38d0eb02363b) Importer(815301076,1909f56bfc062723c751e8b465ee728b)
Start importing Assets/Plugins/Pixel Crushers/Dialogue System/Demo/Art/Scifi Environment/Room/LightmapFar-1.exr using Guid(c53c4b4b79706034fa3b38d0eb02363b) Importer(815301076,1909f56bfc062723c751e8b465ee728b)  -> (artifact id: 'adcfecdc9bb59fa855551e205aa41442') in 0.011807 seconds 
========================================================================
Received Import Request.
  Time since last request: 2.990950 seconds.
  path: Assets/Plugins/Pixel Crushers/Dialogue System/Prefabs/Art/Fonts/Orbitron/orbitron-bold.otf
  artifactKey: Guid(f9eed32ec40f52745a3d3e3f770f5881) Importer(815301076,1909f56bfc062723c751e8b465ee728b)
Start importing Assets/Plugins/Pixel Crushers/Dialogue System/Prefabs/Art/Fonts/Orbitron/orbitron-bold.otf using Guid(f9eed32ec40f52745a3d3e3f770f5881) Importer(815301076,1909f56bfc062723c751e8b465ee728b)  -> (artifact id: '5b4626c2a4e1f7a10c10845182a89011') in 3.610751 seconds 
========================================================================
Received Import Request.
  Time since last request: 0.000076 seconds.
  path: Assets/Plugins/Pixel Crushers/Dialogue System/Demo/Art/Scifi Environment/Textures/FloorTileA_norm.png
  artifactKey: Guid(3ebe12b2f8f6ee54aa7fbbfcf1081017) Importer(815301076,1909f56bfc062723c751e8b465ee728b)
Start importing Assets/Plugins/Pixel Crushers/Dialogue System/Demo/Art/Scifi Environment/Textures/FloorTileA_norm.png using Guid(3ebe12b2f8f6ee54aa7fbbfcf1081017) Importer(815301076,1909f56bfc062723c751e8b465ee728b)  -> (artifact id: '31dcdd3614223e6f73f5598334240900') in 0.012426 seconds 
========================================================================
Received Import Request.
  Time since last request: 0.000120 seconds.
  path: Assets/Plugins/Pixel Crushers/Dialogue System/Prefabs/Art/Fonts/Orbitron/orbitron-medium.otf
  artifactKey: Guid(038a74619252e3244a242e9bf976721c) Importer(815301076,1909f56bfc062723c751e8b465ee728b)
Start importing Assets/Plugins/Pixel Crushers/Dialogue System/Prefabs/Art/Fonts/Orbitron/orbitron-medium.otf using Guid(038a74619252e3244a242e9bf976721c) Importer(815301076,1909f56bfc062723c751e8b465ee728b)  -> (artifact id: '3254dde31857327309b99e060211ef45') in 0.016266 seconds 
========================================================================
Received Import Request.
  Time since last request: 0.000076 seconds.
  path: Assets/Plugins/Pixel Crushers/Dialogue System/Prefabs/Art/Fonts/BKANT.TTF
  artifactKey: Guid(80a0137e3d8f78f41bfdb2aca0cfac44) Importer(815301076,1909f56bfc062723c751e8b465ee728b)
Start importing Assets/Plugins/Pixel Crushers/Dialogue System/Prefabs/Art/Fonts/BKANT.TTF using Guid(80a0137e3d8f78f41bfdb2aca0cfac44) Importer(815301076,1909f56bfc062723c751e8b465ee728b)  -> (artifact id: '84af45fafdda4dbcfe5626df9f874a98') in 2.756218 seconds 
========================================================================
Received Import Request.
  Time since last request: 0.000115 seconds.
  path: Assets/Plugins/Pixel Crushers/Dialogue System/Demo/Art/Scifi Environment/Textures/ceilTypeA_Diff.png
  artifactKey: Guid(74003c0aca445824dbd8c5ade40e49f8) Importer(815301076,1909f56bfc062723c751e8b465ee728b)
Start importing Assets/Plugins/Pixel Crushers/Dialogue System/Demo/Art/Scifi Environment/Textures/ceilTypeA_Diff.png using Guid(74003c0aca445824dbd8c5ade40e49f8) Importer(815301076,1909f56bfc062723c751e8b465ee728b)  -> (artifact id: '9359ee5cb68045754a6ac639f5cc707f') in 0.013972 seconds 
========================================================================
Received Import Request.
  Time since last request: 0.000064 seconds.
  path: Assets/Plugins/Pixel Crushers/Dialogue System/Demo/Art/Recon Troop/Textures/AssaultGun.png
  artifactKey: Guid(c2d2fb2c21d12d7489dd03ab23d44c3c) Importer(815301076,1909f56bfc062723c751e8b465ee728b)
Start importing Assets/Plugins/Pixel Crushers/Dialogue System/Demo/Art/Recon Troop/Textures/AssaultGun.png using Guid(c2d2fb2c21d12d7489dd03ab23d44c3c) Importer(815301076,1909f56bfc062723c751e8b465ee728b)  -> (artifact id: 'cd99754e722bfad80dd34af24a036d6c') in 0.015210 seconds 
========================================================================
Received Import Request.
  Time since last request: 0.000088 seconds.
  path: Assets/Plugins/Pixel Crushers/Dialogue System/Prefabs/Art/Textures/Shared Textures/Default QTE Atlas.png
  artifactKey: Guid(55cedb0f46289194693d8f409d78e273) Importer(815301076,1909f56bfc062723c751e8b465ee728b)
Start importing Assets/Plugins/Pixel Crushers/Dialogue System/Prefabs/Art/Textures/Shared Textures/Default QTE Atlas.png using Guid(55cedb0f46289194693d8f409d78e273) Importer(815301076,1909f56bfc062723c751e8b465ee728b)  -> (artifact id: 'b1bd1377004e8afc1564111e04f8f6e1') in 0.010319 seconds 
========================================================================
Received Import Request.
  Time since last request: 0.000086 seconds.
  path: Assets/Gizmos/DialogueDatabase Icon.png
  artifactKey: Guid(8c00072895782fb4d918363c8ff501a5) Importer(815301076,1909f56bfc062723c751e8b465ee728b)
Start importing Assets/Gizmos/DialogueDatabase Icon.png using Guid(8c00072895782fb4d918363c8ff501a5) Importer(815301076,1909f56bfc062723c751e8b465ee728b)  -> (artifact id: '0eaef47128a3c83d640d356112cb12df') in 0.009324 seconds 
========================================================================
Received Import Request.
  Time since last request: 0.000067 seconds.
  path: Assets/Editor Default Resources/Dialogue System/EditorNode.png
  artifactKey: Guid(9a03d2f508e30c24e826a259b1c825ee) Importer(815301076,1909f56bfc062723c751e8b465ee728b)
Start importing Assets/Editor Default Resources/Dialogue System/EditorNode.png using Guid(9a03d2f508e30c24e826a259b1c825ee) Importer(815301076,1909f56bfc062723c751e8b465ee728b)  -> (artifact id: '47be67fa0ed954956ce060fbaf101601') in 0.011699 seconds 
========================================================================
Received Import Request.
  Time since last request: 10.135988 seconds.
  path: Assets/Plugins/Pixel Crushers/Dialogue System/Prefabs/Art/Textures/Basic/ReticleOutOfRange.png
  artifactKey: Guid(ead3fd45dba6a1c4a8cf5d6238b62307) Importer(815301076,1909f56bfc062723c751e8b465ee728b)
Start importing Assets/Plugins/Pixel Crushers/Dialogue System/Prefabs/Art/Textures/Basic/ReticleOutOfRange.png using Guid(ead3fd45dba6a1c4a8cf5d6238b62307) Importer(815301076,1909f56bfc062723c751e8b465ee728b)  -> (artifact id: '71c8b5b0f06b75634bcd2be01a081fde') in 0.010308 seconds 
========================================================================
Received Import Request.
  Time since last request: 119.707603 seconds.
  path: Assets/Resources/DOTweenSettings.asset
  artifactKey: Guid(b32999af7aeec412c8b8bd22b20bc052) Importer(815301076,1909f56bfc062723c751e8b465ee728b)
Start importing Assets/Resources/DOTweenSettings.asset using Guid(b32999af7aeec412c8b8bd22b20bc052) Importer(815301076,1909f56bfc062723c751e8b465ee728b)  -> (artifact id: 'b0676f22d138cda46f08b19de9b1df80') in 0.003137 seconds 
========================================================================
Received Prepare
Registering precompiled user dll's ...
Registered in 0.005316 seconds.
Begin MonoManager ReloadAssembly
Native extension for WindowsStandalone target not found
Native extension for OSXStandalone target not found
Native extension for WebGL target not found
Refreshing native plugins compatible for Editor in 0.72 ms, found 3 plugins.
Preloading 0 native plugins for Editor in 0.00 ms.
Unable to allocate new scene culling mask
UnityEngine.StackTraceUtility:ExtractStackTrace () (at /Users/bokken/buildslave/unity/build/Runtime/Export/Scripting/StackTrace.cs:37)
UnityEditor.SceneManagement.EditorSceneManager:NewPreviewScene (bool)
UnityEditor.SceneManagement.EditorSceneManager:NewPreviewScene () (at /Users/bokken/buildslave/unity/build/Editor/Mono/EditorSceneManager.bindings.cs:84)
UnityEditor.PreviewScene:.ctor (string) (at /Users/bokken/buildslave/unity/build/Editor/Mono/Inspector/PreviewRenderUtility.cs:22)
UnityEditor.PreviewRenderUtility:.ctor () (at /Users/bokken/buildslave/unity/build/Editor/Mono/Inspector/PreviewRenderUtility.cs:109)
UnityEditor.Texture3DPreview:InitPreviewUtility () (at /Users/bokken/buildslave/unity/build/Editor/Mono/Inspector/Texture3DPreview.cs:209)
UnityEditor.Texture3DPreview:OnEnable () (at /Users/bokken/buildslave/unity/build/Editor/Mono/Inspector/Texture3DPreview.cs:193)

[/Users/bokken/buildslave/unity/build/Editor/Mono/EditorSceneManager.bindings.cs line 84]

Unable to allocate new scene culling mask
UnityEngine.StackTraceUtility:ExtractStackTrace () (at /Users/bokken/buildslave/unity/build/Runtime/Export/Scripting/StackTrace.cs:37)
UnityEditor.SceneManagement.EditorSceneManager:NewPreviewScene (bool)
UnityEditor.SceneManagement.EditorSceneManager:NewPreviewScene () (at /Users/bokken/buildslave/unity/build/Editor/Mono/EditorSceneManager.bindings.cs:84)
UnityEditor.PreviewScene:.ctor (string) (at /Users/bokken/buildslave/unity/build/Editor/Mono/Inspector/PreviewRenderUtility.cs:22)
UnityEditor.PreviewRenderUtility:.ctor () (at /Users/bokken/buildslave/unity/build/Editor/Mono/Inspector/PreviewRenderUtility.cs:109)
UnityEditor.Texture3DPreview:InitPreviewUtility () (at /Users/bokken/buildslave/unity/build/Editor/Mono/Inspector/Texture3DPreview.cs:209)
UnityEditor.Texture3DPreview:OnEnable () (at /Users/bokken/buildslave/unity/build/Editor/Mono/Inspector/Texture3DPreview.cs:193)

[/Users/bokken/buildslave/unity/build/Editor/Mono/EditorSceneManager.bindings.cs line 84]

Mono: successfully reloaded assembly
- Completed reload, in  2.314 seconds
Domain Reload Profiling:
	ReloadAssembly (2315ms)
		BeginReloadAssembly (150ms)
			ExecutionOrderSort (0ms)
			DisableScriptedObjects (11ms)
			BackupInstance (0ms)
			ReleaseScriptingObjects (0ms)
			CreateAndSetChildDomain (63ms)
		EndReloadAssembly (2056ms)
			LoadAssemblies (67ms)
			RebuildTransferFunctionScriptingTraits (0ms)
			SetupTypeCache (279ms)
			ReleaseScriptCaches (2ms)
			RebuildScriptCaches (99ms)
			SetupLoadedEditorAssemblies (1494ms)
				LogAssemblyErrors (0ms)
				InitializePlatformSupportModulesInManaged (14ms)
				SetLoadedEditorAssemblies (1ms)
				RefreshPlugins (1ms)
				BeforeProcessingInitializeOnLoad (71ms)
				ProcessInitializeOnLoadAttributes (1299ms)
				ProcessInitializeOnLoadMethodAttributes (106ms)
				AfterProcessingInitializeOnLoad (2ms)
				EditorAssembliesLoaded (0ms)
			ExecutionOrderSort2 (0ms)
			AwakeInstancesAfterBackupRestoration (26ms)
Platform modules already initialized, skipping
Refreshing native plugins compatible for Editor in 0.74 ms, found 3 plugins.
Preloading 0 native plugins for Editor in 0.00 ms.
Unloading 3379 Unused Serialized files (Serialized files now loaded: 0)
Unloading 35 unused Assets / (21.9 KB). Loaded Objects now: 4966.
Memory consumption went from 356.8 MB to 356.8 MB.
Total: 30.056439 ms (FindLiveObjects: 0.385714 ms CreateObjectMapping: 0.228696 ms MarkObjects: 29.414458 ms  DeleteObjects: 0.026485 ms)

AssetImportParameters requested are different than current active one (requested -> active):
  custom:video-decoder-ogg-theora: a1e56fd34408186e4bbccfd4996cb3dc -> 
  custom:container-muxer-webm: aa71ff27fc2769a1b78a27578f13a17b -> 
  custom:container-demuxer-webm: 4f35f7cbe854078d1ac9338744f61a02 -> 
  custom:video-encoder-webm-vp8: eb34c28f22e8b96e1ab97ce403110664 -> 
  custom:framework-osx-AVFoundation: e770b220cccbd017edd2c1fefb359320 -> 
  custom:audio-encoder-webm-vorbis: bf7c407c2cedff20999df2af8eb42d56 -> 
  custom:container-demuxer-ogg: 62fdf1f143b41e24485cea50d1cbac27 -> 
  custom:video-decoder-webm-vp8: 9c59270c3fd7afecdb556c50c9e8de78 -> 
  custom:audio-decoder-ogg-vorbis: bf7c407c2cedff20999df2af8eb42d56 -> 
========================================================================
Received Prepare
Registering precompiled user dll's ...
Registered in 0.004571 seconds.
Begin MonoManager ReloadAssembly
Native extension for WindowsStandalone target not found
Native extension for OSXStandalone target not found
Native extension for WebGL target not found
Refreshing native plugins compatible for Editor in 0.65 ms, found 3 plugins.
Preloading 0 native plugins for Editor in 0.00 ms.
Unable to allocate new scene culling mask
UnityEngine.StackTraceUtility:ExtractStackTrace () (at /Users/bokken/buildslave/unity/build/Runtime/Export/Scripting/StackTrace.cs:37)
UnityEditor.SceneManagement.EditorSceneManager:NewPreviewScene (bool)
UnityEditor.SceneManagement.EditorSceneManager:NewPreviewScene () (at /Users/bokken/buildslave/unity/build/Editor/Mono/EditorSceneManager.bindings.cs:84)
UnityEditor.PreviewScene:.ctor (string) (at /Users/bokken/buildslave/unity/build/Editor/Mono/Inspector/PreviewRenderUtility.cs:22)
UnityEditor.PreviewRenderUtility:.ctor () (at /Users/bokken/buildslave/unity/build/Editor/Mono/Inspector/PreviewRenderUtility.cs:109)
UnityEditor.Texture3DPreview:InitPreviewUtility () (at /Users/bokken/buildslave/unity/build/Editor/Mono/Inspector/Texture3DPreview.cs:209)
UnityEditor.Texture3DPreview:OnEnable () (at /Users/bokken/buildslave/unity/build/Editor/Mono/Inspector/Texture3DPreview.cs:193)

[/Users/bokken/buildslave/unity/build/Editor/Mono/EditorSceneManager.bindings.cs line 84]

Unable to allocate new scene culling mask
UnityEngine.StackTraceUtility:ExtractStackTrace () (at /Users/bokken/buildslave/unity/build/Runtime/Export/Scripting/StackTrace.cs:37)
UnityEditor.SceneManagement.EditorSceneManager:NewPreviewScene (bool)
UnityEditor.SceneManagement.EditorSceneManager:NewPreviewScene () (at /Users/bokken/buildslave/unity/build/Editor/Mono/EditorSceneManager.bindings.cs:84)
UnityEditor.PreviewScene:.ctor (string) (at /Users/bokken/buildslave/unity/build/Editor/Mono/Inspector/PreviewRenderUtility.cs:22)
UnityEditor.PreviewRenderUtility:.ctor () (at /Users/bokken/buildslave/unity/build/Editor/Mono/Inspector/PreviewRenderUtility.cs:109)
UnityEditor.Texture3DPreview:InitPreviewUtility () (at /Users/bokken/buildslave/unity/build/Editor/Mono/Inspector/Texture3DPreview.cs:209)
UnityEditor.Texture3DPreview:OnEnable () (at /Users/bokken/buildslave/unity/build/Editor/Mono/Inspector/Texture3DPreview.cs:193)

[/Users/bokken/buildslave/unity/build/Editor/Mono/EditorSceneManager.bindings.cs line 84]

Mono: successfully reloaded assembly
- Completed reload, in  2.284 seconds
Domain Reload Profiling:
	ReloadAssembly (2285ms)
		BeginReloadAssembly (143ms)
			ExecutionOrderSort (0ms)
			DisableScriptedObjects (14ms)
			BackupInstance (0ms)
			ReleaseScriptingObjects (0ms)
			CreateAndSetChildDomain (56ms)
		EndReloadAssembly (2035ms)
			LoadAssemblies (62ms)
			RebuildTransferFunctionScriptingTraits (0ms)
			SetupTypeCache (269ms)
			ReleaseScriptCaches (2ms)
			RebuildScriptCaches (89ms)
			SetupLoadedEditorAssemblies (1524ms)
				LogAssemblyErrors (0ms)
				InitializePlatformSupportModulesInManaged (11ms)
				SetLoadedEditorAssemblies (1ms)
				RefreshPlugins (1ms)
				BeforeProcessingInitializeOnLoad (67ms)
				ProcessInitializeOnLoadAttributes (1340ms)
				ProcessInitializeOnLoadMethodAttributes (102ms)
				AfterProcessingInitializeOnLoad (2ms)
				EditorAssembliesLoaded (0ms)
			ExecutionOrderSort2 (0ms)
			AwakeInstancesAfterBackupRestoration (23ms)
Platform modules already initialized, skipping
Refreshing native plugins compatible for Editor in 1.36 ms, found 3 plugins.
Preloading 0 native plugins for Editor in 0.00 ms.
Unloading 3358 Unused Serialized files (Serialized files now loaded: 0)
Unloading 35 unused Assets / (48.5 KB). Loaded Objects now: 4968.
Memory consumption went from 356.6 MB to 356.6 MB.
Total: 31.988281 ms (FindLiveObjects: 0.559249 ms CreateObjectMapping: 0.437821 ms MarkObjects: 30.959306 ms  DeleteObjects: 0.030425 ms)

AssetImportParameters requested are different than current active one (requested -> active):
  custom:video-decoder-ogg-theora: a1e56fd34408186e4bbccfd4996cb3dc -> 
  custom:container-muxer-webm: aa71ff27fc2769a1b78a27578f13a17b -> 
  custom:container-demuxer-webm: 4f35f7cbe854078d1ac9338744f61a02 -> 
  custom:video-encoder-webm-vp8: eb34c28f22e8b96e1ab97ce403110664 -> 
  custom:framework-osx-AVFoundation: e770b220cccbd017edd2c1fefb359320 -> 
  custom:audio-encoder-webm-vorbis: bf7c407c2cedff20999df2af8eb42d56 -> 
  custom:container-demuxer-ogg: 62fdf1f143b41e24485cea50d1cbac27 -> 
  custom:video-decoder-webm-vp8: 9c59270c3fd7afecdb556c50c9e8de78 -> 
  custom:audio-decoder-ogg-vorbis: bf7c407c2cedff20999df2af8eb42d56 -> 
========================================================================
Received Import Request.
  Time since last request: 1011.407679 seconds.
  path: Assets/Resources/Dialogue Database.asset
  artifactKey: Guid(3397025acbe41460fa35f7397921da9f) Importer(815301076,1909f56bfc062723c751e8b465ee728b)
Start importing Assets/Resources/Dialogue Database.asset using Guid(3397025acbe41460fa35f7397921da9f) Importer(815301076,1909f56bfc062723c751e8b465ee728b)  -> (artifact id: '3c97ff401aad04a42359f86c56a2eace') in 0.041576 seconds 
========================================================================
Received Prepare
Registering precompiled user dll's ...
Registered in 0.004657 seconds.
Begin MonoManager ReloadAssembly
Native extension for WindowsStandalone target not found
Native extension for OSXStandalone target not found
Native extension for WebGL target not found
Refreshing native plugins compatible for Editor in 0.74 ms, found 3 plugins.
Preloading 0 native plugins for Editor in 0.00 ms.
Unable to allocate new scene culling mask
UnityEngine.StackTraceUtility:ExtractStackTrace () (at /Users/bokken/buildslave/unity/build/Runtime/Export/Scripting/StackTrace.cs:37)
UnityEditor.SceneManagement.EditorSceneManager:NewPreviewScene (bool)
UnityEditor.SceneManagement.EditorSceneManager:NewPreviewScene () (at /Users/bokken/buildslave/unity/build/Editor/Mono/EditorSceneManager.bindings.cs:84)
UnityEditor.PreviewScene:.ctor (string) (at /Users/bokken/buildslave/unity/build/Editor/Mono/Inspector/PreviewRenderUtility.cs:22)
UnityEditor.PreviewRenderUtility:.ctor () (at /Users/bokken/buildslave/unity/build/Editor/Mono/Inspector/PreviewRenderUtility.cs:109)
UnityEditor.Texture3DPreview:InitPreviewUtility () (at /Users/bokken/buildslave/unity/build/Editor/Mono/Inspector/Texture3DPreview.cs:209)
UnityEditor.Texture3DPreview:OnEnable () (at /Users/bokken/buildslave/unity/build/Editor/Mono/Inspector/Texture3DPreview.cs:193)

[/Users/bokken/buildslave/unity/build/Editor/Mono/EditorSceneManager.bindings.cs line 84]

Unable to allocate new scene culling mask
UnityEngine.StackTraceUtility:ExtractStackTrace () (at /Users/bokken/buildslave/unity/build/Runtime/Export/Scripting/StackTrace.cs:37)
UnityEditor.SceneManagement.EditorSceneManager:NewPreviewScene (bool)
UnityEditor.SceneManagement.EditorSceneManager:NewPreviewScene () (at /Users/bokken/buildslave/unity/build/Editor/Mono/EditorSceneManager.bindings.cs:84)
UnityEditor.PreviewScene:.ctor (string) (at /Users/bokken/buildslave/unity/build/Editor/Mono/Inspector/PreviewRenderUtility.cs:22)
UnityEditor.PreviewRenderUtility:.ctor () (at /Users/bokken/buildslave/unity/build/Editor/Mono/Inspector/PreviewRenderUtility.cs:109)
UnityEditor.Texture3DPreview:InitPreviewUtility () (at /Users/bokken/buildslave/unity/build/Editor/Mono/Inspector/Texture3DPreview.cs:209)
UnityEditor.Texture3DPreview:OnEnable () (at /Users/bokken/buildslave/unity/build/Editor/Mono/Inspector/Texture3DPreview.cs:193)

[/Users/bokken/buildslave/unity/build/Editor/Mono/EditorSceneManager.bindings.cs line 84]

Mono: successfully reloaded assembly
- Completed reload, in  2.463 seconds
Domain Reload Profiling:
	ReloadAssembly (2464ms)
		BeginReloadAssembly (145ms)
			ExecutionOrderSort (0ms)
			DisableScriptedObjects (14ms)
			BackupInstance (0ms)
			ReleaseScriptingObjects (0ms)
			CreateAndSetChildDomain (59ms)
		EndReloadAssembly (2211ms)
			LoadAssemblies (64ms)
			RebuildTransferFunctionScriptingTraits (0ms)
			SetupTypeCache (279ms)
			ReleaseScriptCaches (2ms)
			RebuildScriptCaches (105ms)
			SetupLoadedEditorAssemblies (1664ms)
				LogAssemblyErrors (0ms)
				InitializePlatformSupportModulesInManaged (12ms)
				SetLoadedEditorAssemblies (1ms)
				RefreshPlugins (1ms)
				BeforeProcessingInitializeOnLoad (77ms)
				ProcessInitializeOnLoadAttributes (1454ms)
				ProcessInitializeOnLoadMethodAttributes (116ms)
				AfterProcessingInitializeOnLoad (2ms)
				EditorAssembliesLoaded (0ms)
			ExecutionOrderSort2 (0ms)
			AwakeInstancesAfterBackupRestoration (25ms)
Platform modules already initialized, skipping
Refreshing native plugins compatible for Editor in 0.76 ms, found 3 plugins.
Preloading 0 native plugins for Editor in 0.00 ms.
Unloading 3358 Unused Serialized files (Serialized files now loaded: 0)
Unloading 35 unused Assets / (23.2 KB). Loaded Objects now: 4970.
Memory consumption went from 356.9 MB to 356.9 MB.
Total: 28.442038 ms (FindLiveObjects: 0.409812 ms CreateObjectMapping: 0.257591 ms MarkObjects: 27.739010 ms  DeleteObjects: 0.033891 ms)

AssetImportParameters requested are different than current active one (requested -> active):
  custom:video-decoder-ogg-theora: a1e56fd34408186e4bbccfd4996cb3dc -> 
  custom:container-muxer-webm: aa71ff27fc2769a1b78a27578f13a17b -> 
  custom:container-demuxer-webm: 4f35f7cbe854078d1ac9338744f61a02 -> 
  custom:video-encoder-webm-vp8: eb34c28f22e8b96e1ab97ce403110664 -> 
  custom:framework-osx-AVFoundation: e770b220cccbd017edd2c1fefb359320 -> 
  custom:audio-encoder-webm-vorbis: bf7c407c2cedff20999df2af8eb42d56 -> 
  custom:container-demuxer-ogg: 62fdf1f143b41e24485cea50d1cbac27 -> 
  custom:video-decoder-webm-vp8: 9c59270c3fd7afecdb556c50c9e8de78 -> 
  custom:audio-decoder-ogg-vorbis: bf7c407c2cedff20999df2af8eb42d56 -> 
========================================================================
Received Prepare
Registering precompiled user dll's ...
Registered in 0.004553 seconds.
Begin MonoManager ReloadAssembly
Native extension for WindowsStandalone target not found
Native extension for OSXStandalone target not found
Native extension for WebGL target not found
Refreshing native plugins compatible for Editor in 0.65 ms, found 3 plugins.
Preloading 0 native plugins for Editor in 0.00 ms.
Unable to allocate new scene culling mask
UnityEngine.StackTraceUtility:ExtractStackTrace () (at /Users/bokken/buildslave/unity/build/Runtime/Export/Scripting/StackTrace.cs:37)
UnityEditor.SceneManagement.EditorSceneManager:NewPreviewScene (bool)
UnityEditor.SceneManagement.EditorSceneManager:NewPreviewScene () (at /Users/bokken/buildslave/unity/build/Editor/Mono/EditorSceneManager.bindings.cs:84)
UnityEditor.PreviewScene:.ctor (string) (at /Users/bokken/buildslave/unity/build/Editor/Mono/Inspector/PreviewRenderUtility.cs:22)
UnityEditor.PreviewRenderUtility:.ctor () (at /Users/bokken/buildslave/unity/build/Editor/Mono/Inspector/PreviewRenderUtility.cs:109)
UnityEditor.Texture3DPreview:InitPreviewUtility () (at /Users/bokken/buildslave/unity/build/Editor/Mono/Inspector/Texture3DPreview.cs:209)
UnityEditor.Texture3DPreview:OnEnable () (at /Users/bokken/buildslave/unity/build/Editor/Mono/Inspector/Texture3DPreview.cs:193)

[/Users/bokken/buildslave/unity/build/Editor/Mono/EditorSceneManager.bindings.cs line 84]

Unable to allocate new scene culling mask
UnityEngine.StackTraceUtility:ExtractStackTrace () (at /Users/bokken/buildslave/unity/build/Runtime/Export/Scripting/StackTrace.cs:37)
UnityEditor.SceneManagement.EditorSceneManager:NewPreviewScene (bool)
UnityEditor.SceneManagement.EditorSceneManager:NewPreviewScene () (at /Users/bokken/buildslave/unity/build/Editor/Mono/EditorSceneManager.bindings.cs:84)
UnityEditor.PreviewScene:.ctor (string) (at /Users/bokken/buildslave/unity/build/Editor/Mono/Inspector/PreviewRenderUtility.cs:22)
UnityEditor.PreviewRenderUtility:.ctor () (at /Users/bokken/buildslave/unity/build/Editor/Mono/Inspector/PreviewRenderUtility.cs:109)
UnityEditor.Texture3DPreview:InitPreviewUtility () (at /Users/bokken/buildslave/unity/build/Editor/Mono/Inspector/Texture3DPreview.cs:209)
UnityEditor.Texture3DPreview:OnEnable () (at /Users/bokken/buildslave/unity/build/Editor/Mono/Inspector/Texture3DPreview.cs:193)

[/Users/bokken/buildslave/unity/build/Editor/Mono/EditorSceneManager.bindings.cs line 84]

Mono: successfully reloaded assembly
- Completed reload, in  2.432 seconds
Domain Reload Profiling:
	ReloadAssembly (2433ms)
		BeginReloadAssembly (151ms)
			ExecutionOrderSort (0ms)
			DisableScriptedObjects (14ms)
			BackupInstance (0ms)
			ReleaseScriptingObjects (0ms)
			CreateAndSetChildDomain (62ms)
		EndReloadAssembly (2170ms)
			LoadAssemblies (64ms)
			RebuildTransferFunctionScriptingTraits (0ms)
			SetupTypeCache (293ms)
			ReleaseScriptCaches (2ms)
			RebuildScriptCaches (112ms)
			SetupLoadedEditorAssemblies (1604ms)
				LogAssemblyErrors (0ms)
				InitializePlatformSupportModulesInManaged (12ms)
				SetLoadedEditorAssemblies (1ms)
				RefreshPlugins (1ms)
				BeforeProcessingInitializeOnLoad (68ms)
				ProcessInitializeOnLoadAttributes (1414ms)
				ProcessInitializeOnLoadMethodAttributes (106ms)
				AfterProcessingInitializeOnLoad (2ms)
				EditorAssembliesLoaded (0ms)
			ExecutionOrderSort2 (0ms)
			AwakeInstancesAfterBackupRestoration (24ms)
Platform modules already initialized, skipping
Refreshing native plugins compatible for Editor in 0.73 ms, found 3 plugins.
Preloading 0 native plugins for Editor in 0.00 ms.
Unloading 3358 Unused Serialized files (Serialized files now loaded: 0)
Unloading 35 unused Assets / (22.0 KB). Loaded Objects now: 4972.
Memory consumption went from 357.3 MB to 357.3 MB.
Total: 28.566560 ms (FindLiveObjects: 0.414558 ms CreateObjectMapping: 0.277856 ms MarkObjects: 27.844399 ms  DeleteObjects: 0.028808 ms)

AssetImportParameters requested are different than current active one (requested -> active):
  custom:video-decoder-ogg-theora: a1e56fd34408186e4bbccfd4996cb3dc -> 
  custom:container-muxer-webm: aa71ff27fc2769a1b78a27578f13a17b -> 
  custom:container-demuxer-webm: 4f35f7cbe854078d1ac9338744f61a02 -> 
  custom:video-encoder-webm-vp8: eb34c28f22e8b96e1ab97ce403110664 -> 
  custom:framework-osx-AVFoundation: e770b220cccbd017edd2c1fefb359320 -> 
  custom:audio-encoder-webm-vorbis: bf7c407c2cedff20999df2af8eb42d56 -> 
  custom:container-demuxer-ogg: 62fdf1f143b41e24485cea50d1cbac27 -> 
  custom:video-decoder-webm-vp8: 9c59270c3fd7afecdb556c50c9e8de78 -> 
  custom:audio-decoder-ogg-vorbis: bf7c407c2cedff20999df2af8eb42d56 -> 
